[2024-11-17T22:06:57.421+0000] {processor.py:157} INFO - Started process (PID=159) to work on /opt/airflow/dags/data_pipeline_dag.py
[2024-11-17T22:06:57.422+0000] {processor.py:826} INFO - Processing file /opt/airflow/dags/data_pipeline_dag.py for tasks to queue
[2024-11-17T22:06:57.423+0000] {logging_mixin.py:150} INFO - [2024-11-17T22:06:57.422+0000] {dagbag.py:541} INFO - Filling up the DagBag from /opt/airflow/dags/data_pipeline_dag.py
[2024-11-17T22:06:58.283+0000] {processor.py:836} INFO - DAG(s) dict_keys(['bronze_to_gold_dag']) retrieved from /opt/airflow/dags/data_pipeline_dag.py
[2024-11-17T22:06:58.299+0000] {logging_mixin.py:150} INFO - [2024-11-17T22:06:58.298+0000] {dag.py:2742} INFO - Sync 1 DAGs
[2024-11-17T22:06:58.306+0000] {logging_mixin.py:150} INFO - [2024-11-17T22:06:58.305+0000] {dag.py:2763} INFO - Creating ORM DAG for bronze_to_gold_dag
[2024-11-17T22:06:58.311+0000] {logging_mixin.py:150} INFO - [2024-11-17T22:06:58.311+0000] {dag.py:3508} INFO - Setting next_dagrun for bronze_to_gold_dag to 2024-11-17T00:00:00+00:00, run_after=2024-11-18T00:00:00+00:00
[2024-11-17T22:06:58.824+0000] {logging_mixin.py:150} INFO - [2024-11-17T22:06:58.822+0000] {dagbag.py:649} ERROR - Failed to write serialized DAG: /opt/airflow/dags/data_pipeline_dag.py
Traceback (most recent call last):
  File "/home/airflow/.local/lib/python3.7/site-packages/airflow/models/dagbag.py", line 641, in _serialize_dag_capturing_errors
    session=session,
  File "/home/airflow/.local/lib/python3.7/site-packages/airflow/utils/session.py", line 73, in wrapper
    return func(*args, **kwargs)
  File "/home/airflow/.local/lib/python3.7/site-packages/airflow/models/serialized_dag.py", line 149, in write_dag
    (timezone.utcnow() - timedelta(seconds=min_update_interval)) < cls.last_updated,
  File "/home/airflow/.local/lib/python3.7/site-packages/sqlalchemy/orm/query.py", line 2893, in scalar
    ret = self.one()
  File "/home/airflow/.local/lib/python3.7/site-packages/sqlalchemy/orm/query.py", line 2870, in one
    return self._iter().one()
  File "/home/airflow/.local/lib/python3.7/site-packages/sqlalchemy/orm/query.py", line 2919, in _iter
    execution_options={"_sa_orm_load_options": self.load_options},
  File "/home/airflow/.local/lib/python3.7/site-packages/sqlalchemy/orm/session.py", line 1716, in execute
    conn = self._connection_for_bind(bind)
  File "/home/airflow/.local/lib/python3.7/site-packages/sqlalchemy/orm/session.py", line 1556, in _connection_for_bind
    engine, execution_options
  File "/home/airflow/.local/lib/python3.7/site-packages/sqlalchemy/orm/session.py", line 724, in _connection_for_bind
    self._assert_active()
  File "/home/airflow/.local/lib/python3.7/site-packages/sqlalchemy/orm/session.py", line 611, in _assert_active
    code="7s2a",
sqlalchemy.exc.PendingRollbackError: This Session's transaction has been rolled back due to a previous exception during flush. To begin a new transaction with this Session, first issue Session.rollback(). Original exception was: (psycopg2.errors.UniqueViolation) duplicate key value violates unique constraint "dag_pkey"
DETAIL:  Key (dag_id)=(bronze_to_gold_dag) already exists.

[SQL: INSERT INTO dag (dag_id, root_dag_id, is_paused, is_subdag, is_active, last_parsed_time, last_pickled, last_expired, scheduler_lock, pickle_id, fileloc, processor_subdir, owners, description, default_view, schedule_interval, timetable_description, max_active_tasks, max_active_runs, has_task_concurrency_limits, has_import_errors, next_dagrun, next_dagrun_data_interval_start, next_dagrun_data_interval_end, next_dagrun_create_after) VALUES (%(dag_id)s, %(root_dag_id)s, %(is_paused)s, %(is_subdag)s, %(is_active)s, %(last_parsed_time)s, %(last_pickled)s, %(last_expired)s, %(scheduler_lock)s, %(pickle_id)s, %(fileloc)s, %(processor_subdir)s, %(owners)s, %(description)s, %(default_view)s, %(schedule_interval)s, %(timetable_description)s, %(max_active_tasks)s, %(max_active_runs)s, %(has_task_concurrency_limits)s, %(has_import_errors)s, %(next_dagrun)s, %(next_dagrun_data_interval_start)s, %(next_dagrun_data_interval_end)s, %(next_dagrun_create_after)s)]
[parameters: {'dag_id': 'bronze_to_gold_dag', 'root_dag_id': None, 'is_paused': True, 'is_subdag': False, 'is_active': True, 'last_parsed_time': datetime.datetime(2024, 11, 17, 22, 6, 58, 311524, tzinfo=Timezone('UTC')), 'last_pickled': None, 'last_expired': None, 'scheduler_lock': None, 'pickle_id': None, 'fileloc': '/opt/airflow/dags/data_pipeline_dag.py', 'processor_subdir': '/opt/airflow/dags', 'owners': 'airflow', 'description': 'Pipeline completo de dados para camadas Bronze, Prata e Ouro', 'default_view': 'grid', 'schedule_interval': '{"type": "timedelta", "attrs": {"days": 1, "seconds": 0, "microseconds": 0}}', 'timetable_description': '', 'max_active_tasks': 16, 'max_active_runs': 16, 'has_task_concurrency_limits': False, 'has_import_errors': False, 'next_dagrun': DateTime(2024, 11, 17, 0, 0, 0, tzinfo=Timezone('UTC')), 'next_dagrun_data_interval_start': DateTime(2024, 11, 17, 0, 0, 0, tzinfo=Timezone('UTC')), 'next_dagrun_data_interval_end': DateTime(2024, 11, 18, 0, 0, 0, tzinfo=Timezone('UTC')), 'next_dagrun_create_after': DateTime(2024, 11, 18, 0, 0, 0, tzinfo=Timezone('UTC'))}]
(Background on this error at: https://sqlalche.me/e/14/gkpj) (Background on this error at: https://sqlalche.me/e/14/7s2a)
[2024-11-17T22:06:58.824+0000] {logging_mixin.py:150} INFO - [2024-11-17T22:06:58.824+0000] {dag.py:2742} INFO - Sync 1 DAGs
[2024-11-17T22:06:58.825+0000] {processor.py:182} ERROR - Got an exception! Propagating...
Traceback (most recent call last):
  File "/home/airflow/.local/lib/python3.7/site-packages/airflow/dag_processing/processor.py", line 178, in _run_file_processor
    _handle_dag_file_processing()
  File "/home/airflow/.local/lib/python3.7/site-packages/airflow/dag_processing/processor.py", line 162, in _handle_dag_file_processing
    callback_requests=callback_requests,
  File "/home/airflow/.local/lib/python3.7/site-packages/airflow/utils/session.py", line 76, in wrapper
    return func(*args, session=session, **kwargs)
  File "/home/airflow/.local/lib/python3.7/site-packages/airflow/dag_processing/processor.py", line 857, in process_file
    pickle_dags=pickle_dags,
  File "/home/airflow/.local/lib/python3.7/site-packages/airflow/api_internal/internal_api_call.py", line 112, in wrapper
    return func(*args, **kwargs)
  File "/home/airflow/.local/lib/python3.7/site-packages/airflow/utils/session.py", line 76, in wrapper
    return func(*args, session=session, **kwargs)
  File "/home/airflow/.local/lib/python3.7/site-packages/airflow/dag_processing/processor.py", line 890, in save_dag_to_db
    import_errors = DagBag._sync_to_db(dags=dags, processor_subdir=dag_directory, session=session)
  File "/home/airflow/.local/lib/python3.7/site-packages/airflow/utils/session.py", line 73, in wrapper
    return func(*args, **kwargs)
  File "/home/airflow/.local/lib/python3.7/site-packages/airflow/models/dagbag.py", line 659, in _sync_to_db
    for attempt in run_with_db_retries(logger=log):
  File "/home/airflow/.local/lib/python3.7/site-packages/tenacity/__init__.py", line 347, in __iter__
    do = self.iter(retry_state=retry_state)
  File "/home/airflow/.local/lib/python3.7/site-packages/tenacity/__init__.py", line 314, in iter
    return fut.result()
  File "/usr/local/lib/python3.7/concurrent/futures/_base.py", line 428, in result
    return self.__get_result()
  File "/usr/local/lib/python3.7/concurrent/futures/_base.py", line 384, in __get_result
    raise self._exception
  File "/home/airflow/.local/lib/python3.7/site-packages/airflow/models/dagbag.py", line 673, in _sync_to_db
    DAG.bulk_write_to_db(dags.values(), processor_subdir=processor_subdir, session=session)
  File "/home/airflow/.local/lib/python3.7/site-packages/airflow/utils/session.py", line 73, in wrapper
    return func(*args, **kwargs)
  File "/home/airflow/.local/lib/python3.7/site-packages/airflow/models/dag.py", line 2753, in bulk_write_to_db
    orm_dags: list[DagModel] = with_row_locks(query, of=DagModel, session=session).all()
  File "/home/airflow/.local/lib/python3.7/site-packages/sqlalchemy/orm/query.py", line 2773, in all
    return self._iter().all()
  File "/home/airflow/.local/lib/python3.7/site-packages/sqlalchemy/orm/query.py", line 2919, in _iter
    execution_options={"_sa_orm_load_options": self.load_options},
  File "/home/airflow/.local/lib/python3.7/site-packages/sqlalchemy/orm/session.py", line 1716, in execute
    conn = self._connection_for_bind(bind)
  File "/home/airflow/.local/lib/python3.7/site-packages/sqlalchemy/orm/session.py", line 1556, in _connection_for_bind
    engine, execution_options
  File "/home/airflow/.local/lib/python3.7/site-packages/sqlalchemy/orm/session.py", line 724, in _connection_for_bind
    self._assert_active()
  File "/home/airflow/.local/lib/python3.7/site-packages/sqlalchemy/orm/session.py", line 611, in _assert_active
    code="7s2a",
sqlalchemy.exc.PendingRollbackError: This Session's transaction has been rolled back due to a previous exception during flush. To begin a new transaction with this Session, first issue Session.rollback(). Original exception was: (psycopg2.errors.UniqueViolation) duplicate key value violates unique constraint "dag_pkey"
DETAIL:  Key (dag_id)=(bronze_to_gold_dag) already exists.

[SQL: INSERT INTO dag (dag_id, root_dag_id, is_paused, is_subdag, is_active, last_parsed_time, last_pickled, last_expired, scheduler_lock, pickle_id, fileloc, processor_subdir, owners, description, default_view, schedule_interval, timetable_description, max_active_tasks, max_active_runs, has_task_concurrency_limits, has_import_errors, next_dagrun, next_dagrun_data_interval_start, next_dagrun_data_interval_end, next_dagrun_create_after) VALUES (%(dag_id)s, %(root_dag_id)s, %(is_paused)s, %(is_subdag)s, %(is_active)s, %(last_parsed_time)s, %(last_pickled)s, %(last_expired)s, %(scheduler_lock)s, %(pickle_id)s, %(fileloc)s, %(processor_subdir)s, %(owners)s, %(description)s, %(default_view)s, %(schedule_interval)s, %(timetable_description)s, %(max_active_tasks)s, %(max_active_runs)s, %(has_task_concurrency_limits)s, %(has_import_errors)s, %(next_dagrun)s, %(next_dagrun_data_interval_start)s, %(next_dagrun_data_interval_end)s, %(next_dagrun_create_after)s)]
[parameters: {'dag_id': 'bronze_to_gold_dag', 'root_dag_id': None, 'is_paused': True, 'is_subdag': False, 'is_active': True, 'last_parsed_time': datetime.datetime(2024, 11, 17, 22, 6, 58, 311524, tzinfo=Timezone('UTC')), 'last_pickled': None, 'last_expired': None, 'scheduler_lock': None, 'pickle_id': None, 'fileloc': '/opt/airflow/dags/data_pipeline_dag.py', 'processor_subdir': '/opt/airflow/dags', 'owners': 'airflow', 'description': 'Pipeline completo de dados para camadas Bronze, Prata e Ouro', 'default_view': 'grid', 'schedule_interval': '{"type": "timedelta", "attrs": {"days": 1, "seconds": 0, "microseconds": 0}}', 'timetable_description': '', 'max_active_tasks': 16, 'max_active_runs': 16, 'has_task_concurrency_limits': False, 'has_import_errors': False, 'next_dagrun': DateTime(2024, 11, 17, 0, 0, 0, tzinfo=Timezone('UTC')), 'next_dagrun_data_interval_start': DateTime(2024, 11, 17, 0, 0, 0, tzinfo=Timezone('UTC')), 'next_dagrun_data_interval_end': DateTime(2024, 11, 18, 0, 0, 0, tzinfo=Timezone('UTC')), 'next_dagrun_create_after': DateTime(2024, 11, 18, 0, 0, 0, tzinfo=Timezone('UTC'))}]
(Background on this error at: https://sqlalche.me/e/14/gkpj) (Background on this error at: https://sqlalche.me/e/14/7s2a)
[2024-11-17T22:07:29.068+0000] {processor.py:157} INFO - Started process (PID=175) to work on /opt/airflow/dags/data_pipeline_dag.py
[2024-11-17T22:07:29.070+0000] {processor.py:826} INFO - Processing file /opt/airflow/dags/data_pipeline_dag.py for tasks to queue
[2024-11-17T22:07:29.071+0000] {logging_mixin.py:150} INFO - [2024-11-17T22:07:29.070+0000] {dagbag.py:541} INFO - Filling up the DagBag from /opt/airflow/dags/data_pipeline_dag.py
[2024-11-17T22:07:29.315+0000] {processor.py:836} INFO - DAG(s) dict_keys(['bronze_to_gold_dag']) retrieved from /opt/airflow/dags/data_pipeline_dag.py
[2024-11-17T22:07:29.345+0000] {logging_mixin.py:150} INFO - [2024-11-17T22:07:29.344+0000] {dag.py:2742} INFO - Sync 1 DAGs
[2024-11-17T22:07:29.361+0000] {logging_mixin.py:150} INFO - [2024-11-17T22:07:29.361+0000] {dag.py:3508} INFO - Setting next_dagrun for bronze_to_gold_dag to 2024-11-17T00:00:00+00:00, run_after=2024-11-18T00:00:00+00:00
[2024-11-17T22:07:29.375+0000] {processor.py:179} INFO - Processing /opt/airflow/dags/data_pipeline_dag.py took 0.311 seconds
[2024-11-17T22:07:59.661+0000] {processor.py:157} INFO - Started process (PID=202) to work on /opt/airflow/dags/data_pipeline_dag.py
[2024-11-17T22:07:59.662+0000] {processor.py:826} INFO - Processing file /opt/airflow/dags/data_pipeline_dag.py for tasks to queue
[2024-11-17T22:07:59.663+0000] {logging_mixin.py:150} INFO - [2024-11-17T22:07:59.663+0000] {dagbag.py:541} INFO - Filling up the DagBag from /opt/airflow/dags/data_pipeline_dag.py
[2024-11-17T22:07:59.963+0000] {processor.py:836} INFO - DAG(s) dict_keys(['bronze_to_gold_dag']) retrieved from /opt/airflow/dags/data_pipeline_dag.py
[2024-11-17T22:07:59.985+0000] {logging_mixin.py:150} INFO - [2024-11-17T22:07:59.984+0000] {dag.py:2742} INFO - Sync 1 DAGs
[2024-11-17T22:08:00.001+0000] {logging_mixin.py:150} INFO - [2024-11-17T22:08:00.001+0000] {dag.py:3508} INFO - Setting next_dagrun for bronze_to_gold_dag to 2024-11-17T00:00:00+00:00, run_after=2024-11-18T00:00:00+00:00
[2024-11-17T22:08:00.013+0000] {processor.py:179} INFO - Processing /opt/airflow/dags/data_pipeline_dag.py took 0.356 seconds
[2024-11-17T22:08:30.246+0000] {processor.py:157} INFO - Started process (PID=217) to work on /opt/airflow/dags/data_pipeline_dag.py
[2024-11-17T22:08:30.247+0000] {processor.py:826} INFO - Processing file /opt/airflow/dags/data_pipeline_dag.py for tasks to queue
[2024-11-17T22:08:30.248+0000] {logging_mixin.py:150} INFO - [2024-11-17T22:08:30.248+0000] {dagbag.py:541} INFO - Filling up the DagBag from /opt/airflow/dags/data_pipeline_dag.py
[2024-11-17T22:08:30.451+0000] {processor.py:836} INFO - DAG(s) dict_keys(['bronze_to_gold_dag']) retrieved from /opt/airflow/dags/data_pipeline_dag.py
[2024-11-17T22:08:30.473+0000] {logging_mixin.py:150} INFO - [2024-11-17T22:08:30.472+0000] {dag.py:2742} INFO - Sync 1 DAGs
[2024-11-17T22:08:30.490+0000] {logging_mixin.py:150} INFO - [2024-11-17T22:08:30.489+0000] {dag.py:3508} INFO - Setting next_dagrun for bronze_to_gold_dag to 2024-11-17T00:00:00+00:00, run_after=2024-11-18T00:00:00+00:00
[2024-11-17T22:08:30.502+0000] {processor.py:179} INFO - Processing /opt/airflow/dags/data_pipeline_dag.py took 0.260 seconds
[2024-11-17T22:09:00.808+0000] {processor.py:157} INFO - Started process (PID=232) to work on /opt/airflow/dags/data_pipeline_dag.py
[2024-11-17T22:09:00.809+0000] {processor.py:826} INFO - Processing file /opt/airflow/dags/data_pipeline_dag.py for tasks to queue
[2024-11-17T22:09:00.810+0000] {logging_mixin.py:150} INFO - [2024-11-17T22:09:00.810+0000] {dagbag.py:541} INFO - Filling up the DagBag from /opt/airflow/dags/data_pipeline_dag.py
[2024-11-17T22:09:01.030+0000] {processor.py:836} INFO - DAG(s) dict_keys(['bronze_to_gold_dag']) retrieved from /opt/airflow/dags/data_pipeline_dag.py
[2024-11-17T22:09:01.055+0000] {logging_mixin.py:150} INFO - [2024-11-17T22:09:01.054+0000] {dag.py:2742} INFO - Sync 1 DAGs
[2024-11-17T22:09:01.070+0000] {logging_mixin.py:150} INFO - [2024-11-17T22:09:01.070+0000] {dag.py:3508} INFO - Setting next_dagrun for bronze_to_gold_dag to 2024-11-17T00:00:00+00:00, run_after=2024-11-18T00:00:00+00:00
[2024-11-17T22:09:01.080+0000] {processor.py:179} INFO - Processing /opt/airflow/dags/data_pipeline_dag.py took 0.278 seconds
[2024-11-17T22:09:31.360+0000] {processor.py:157} INFO - Started process (PID=247) to work on /opt/airflow/dags/data_pipeline_dag.py
[2024-11-17T22:09:31.361+0000] {processor.py:826} INFO - Processing file /opt/airflow/dags/data_pipeline_dag.py for tasks to queue
[2024-11-17T22:09:31.362+0000] {logging_mixin.py:150} INFO - [2024-11-17T22:09:31.362+0000] {dagbag.py:541} INFO - Filling up the DagBag from /opt/airflow/dags/data_pipeline_dag.py
[2024-11-17T22:09:31.602+0000] {processor.py:836} INFO - DAG(s) dict_keys(['bronze_to_gold_dag']) retrieved from /opt/airflow/dags/data_pipeline_dag.py
[2024-11-17T22:09:31.628+0000] {logging_mixin.py:150} INFO - [2024-11-17T22:09:31.627+0000] {dag.py:2742} INFO - Sync 1 DAGs
[2024-11-17T22:09:31.643+0000] {logging_mixin.py:150} INFO - [2024-11-17T22:09:31.643+0000] {dag.py:3508} INFO - Setting next_dagrun for bronze_to_gold_dag to 2024-11-17T00:00:00+00:00, run_after=2024-11-18T00:00:00+00:00
[2024-11-17T22:09:31.653+0000] {processor.py:179} INFO - Processing /opt/airflow/dags/data_pipeline_dag.py took 0.298 seconds
[2024-11-17T22:10:01.898+0000] {processor.py:157} INFO - Started process (PID=262) to work on /opt/airflow/dags/data_pipeline_dag.py
[2024-11-17T22:10:01.899+0000] {processor.py:826} INFO - Processing file /opt/airflow/dags/data_pipeline_dag.py for tasks to queue
[2024-11-17T22:10:01.900+0000] {logging_mixin.py:150} INFO - [2024-11-17T22:10:01.900+0000] {dagbag.py:541} INFO - Filling up the DagBag from /opt/airflow/dags/data_pipeline_dag.py
[2024-11-17T22:10:02.141+0000] {processor.py:836} INFO - DAG(s) dict_keys(['bronze_to_gold_dag']) retrieved from /opt/airflow/dags/data_pipeline_dag.py
[2024-11-17T22:10:02.165+0000] {logging_mixin.py:150} INFO - [2024-11-17T22:10:02.164+0000] {dag.py:2742} INFO - Sync 1 DAGs
[2024-11-17T22:10:02.182+0000] {logging_mixin.py:150} INFO - [2024-11-17T22:10:02.182+0000] {dag.py:3508} INFO - Setting next_dagrun for bronze_to_gold_dag to 2024-11-17T00:00:00+00:00, run_after=2024-11-18T00:00:00+00:00
[2024-11-17T22:10:02.195+0000] {processor.py:179} INFO - Processing /opt/airflow/dags/data_pipeline_dag.py took 0.302 seconds
[2024-11-17T22:10:32.442+0000] {processor.py:157} INFO - Started process (PID=277) to work on /opt/airflow/dags/data_pipeline_dag.py
[2024-11-17T22:10:32.443+0000] {processor.py:826} INFO - Processing file /opt/airflow/dags/data_pipeline_dag.py for tasks to queue
[2024-11-17T22:10:32.445+0000] {logging_mixin.py:150} INFO - [2024-11-17T22:10:32.445+0000] {dagbag.py:541} INFO - Filling up the DagBag from /opt/airflow/dags/data_pipeline_dag.py
[2024-11-17T22:10:32.748+0000] {processor.py:836} INFO - DAG(s) dict_keys(['bronze_to_gold_dag']) retrieved from /opt/airflow/dags/data_pipeline_dag.py
[2024-11-17T22:10:32.783+0000] {logging_mixin.py:150} INFO - [2024-11-17T22:10:32.783+0000] {dag.py:2742} INFO - Sync 1 DAGs
[2024-11-17T22:10:32.800+0000] {logging_mixin.py:150} INFO - [2024-11-17T22:10:32.800+0000] {dag.py:3508} INFO - Setting next_dagrun for bronze_to_gold_dag to 2024-11-17T00:00:00+00:00, run_after=2024-11-18T00:00:00+00:00
[2024-11-17T22:10:32.812+0000] {processor.py:179} INFO - Processing /opt/airflow/dags/data_pipeline_dag.py took 0.375 seconds
[2024-11-17T22:11:03.206+0000] {processor.py:157} INFO - Started process (PID=292) to work on /opt/airflow/dags/data_pipeline_dag.py
[2024-11-17T22:11:03.207+0000] {processor.py:826} INFO - Processing file /opt/airflow/dags/data_pipeline_dag.py for tasks to queue
[2024-11-17T22:11:03.208+0000] {logging_mixin.py:150} INFO - [2024-11-17T22:11:03.208+0000] {dagbag.py:541} INFO - Filling up the DagBag from /opt/airflow/dags/data_pipeline_dag.py
[2024-11-17T22:11:03.430+0000] {processor.py:836} INFO - DAG(s) dict_keys(['bronze_to_gold_dag']) retrieved from /opt/airflow/dags/data_pipeline_dag.py
[2024-11-17T22:11:03.451+0000] {logging_mixin.py:150} INFO - [2024-11-17T22:11:03.451+0000] {dag.py:2742} INFO - Sync 1 DAGs
[2024-11-17T22:11:03.465+0000] {logging_mixin.py:150} INFO - [2024-11-17T22:11:03.465+0000] {dag.py:3508} INFO - Setting next_dagrun for bronze_to_gold_dag to 2024-11-17T00:00:00+00:00, run_after=2024-11-18T00:00:00+00:00
[2024-11-17T22:11:03.475+0000] {processor.py:179} INFO - Processing /opt/airflow/dags/data_pipeline_dag.py took 0.275 seconds
[2024-11-17T22:11:33.795+0000] {processor.py:157} INFO - Started process (PID=307) to work on /opt/airflow/dags/data_pipeline_dag.py
[2024-11-17T22:11:33.797+0000] {processor.py:826} INFO - Processing file /opt/airflow/dags/data_pipeline_dag.py for tasks to queue
[2024-11-17T22:11:33.798+0000] {logging_mixin.py:150} INFO - [2024-11-17T22:11:33.798+0000] {dagbag.py:541} INFO - Filling up the DagBag from /opt/airflow/dags/data_pipeline_dag.py
[2024-11-17T22:11:33.991+0000] {processor.py:836} INFO - DAG(s) dict_keys(['bronze_to_gold_dag']) retrieved from /opt/airflow/dags/data_pipeline_dag.py
[2024-11-17T22:11:34.009+0000] {logging_mixin.py:150} INFO - [2024-11-17T22:11:34.009+0000] {dag.py:2742} INFO - Sync 1 DAGs
[2024-11-17T22:11:34.023+0000] {logging_mixin.py:150} INFO - [2024-11-17T22:11:34.023+0000] {dag.py:3508} INFO - Setting next_dagrun for bronze_to_gold_dag to 2024-11-17T00:00:00+00:00, run_after=2024-11-18T00:00:00+00:00
[2024-11-17T22:11:34.033+0000] {processor.py:179} INFO - Processing /opt/airflow/dags/data_pipeline_dag.py took 0.244 seconds
[2024-11-17T22:11:54.027+0000] {processor.py:157} INFO - Started process (PID=322) to work on /opt/airflow/dags/data_pipeline_dag.py
[2024-11-17T22:11:54.029+0000] {processor.py:826} INFO - Processing file /opt/airflow/dags/data_pipeline_dag.py for tasks to queue
[2024-11-17T22:11:54.030+0000] {logging_mixin.py:150} INFO - [2024-11-17T22:11:54.030+0000] {dagbag.py:541} INFO - Filling up the DagBag from /opt/airflow/dags/data_pipeline_dag.py
[2024-11-17T22:11:54.312+0000] {processor.py:836} INFO - DAG(s) dict_keys(['bronze_to_gold_dag']) retrieved from /opt/airflow/dags/data_pipeline_dag.py
[2024-11-17T22:11:54.341+0000] {logging_mixin.py:150} INFO - [2024-11-17T22:11:54.340+0000] {dag.py:2742} INFO - Sync 1 DAGs
[2024-11-17T22:11:54.358+0000] {logging_mixin.py:150} INFO - [2024-11-17T22:11:54.358+0000] {dag.py:3508} INFO - Setting next_dagrun for bronze_to_gold_dag to 2024-11-17T00:00:00+00:00, run_after=2024-11-18T00:00:00+00:00
[2024-11-17T22:11:54.376+0000] {processor.py:179} INFO - Processing /opt/airflow/dags/data_pipeline_dag.py took 0.353 seconds
[2024-11-17T22:12:22.604+0000] {processor.py:157} INFO - Started process (PID=159) to work on /opt/airflow/dags/data_pipeline_dag.py
[2024-11-17T22:12:22.605+0000] {processor.py:826} INFO - Processing file /opt/airflow/dags/data_pipeline_dag.py for tasks to queue
[2024-11-17T22:12:22.608+0000] {logging_mixin.py:150} INFO - [2024-11-17T22:12:22.607+0000] {dagbag.py:541} INFO - Filling up the DagBag from /opt/airflow/dags/data_pipeline_dag.py
[2024-11-17T22:12:23.404+0000] {processor.py:836} INFO - DAG(s) dict_keys(['bronze_to_gold_dag']) retrieved from /opt/airflow/dags/data_pipeline_dag.py
[2024-11-17T22:12:23.420+0000] {logging_mixin.py:150} INFO - [2024-11-17T22:12:23.420+0000] {dag.py:2742} INFO - Sync 1 DAGs
[2024-11-17T22:12:23.434+0000] {logging_mixin.py:150} INFO - [2024-11-17T22:12:23.434+0000] {dag.py:3508} INFO - Setting next_dagrun for bronze_to_gold_dag to 2024-11-17T00:00:00+00:00, run_after=2024-11-18T00:00:00+00:00
[2024-11-17T22:12:23.444+0000] {processor.py:179} INFO - Processing /opt/airflow/dags/data_pipeline_dag.py took 0.843 seconds
[2024-11-17T22:12:53.683+0000] {processor.py:157} INFO - Started process (PID=199) to work on /opt/airflow/dags/data_pipeline_dag.py
[2024-11-17T22:12:53.684+0000] {processor.py:826} INFO - Processing file /opt/airflow/dags/data_pipeline_dag.py for tasks to queue
[2024-11-17T22:12:53.684+0000] {logging_mixin.py:150} INFO - [2024-11-17T22:12:53.684+0000] {dagbag.py:541} INFO - Filling up the DagBag from /opt/airflow/dags/data_pipeline_dag.py
[2024-11-17T22:12:53.894+0000] {processor.py:836} INFO - DAG(s) dict_keys(['bronze_to_gold_dag']) retrieved from /opt/airflow/dags/data_pipeline_dag.py
[2024-11-17T22:12:53.924+0000] {logging_mixin.py:150} INFO - [2024-11-17T22:12:53.923+0000] {dag.py:2742} INFO - Sync 1 DAGs
[2024-11-17T22:12:53.941+0000] {logging_mixin.py:150} INFO - [2024-11-17T22:12:53.941+0000] {dag.py:3508} INFO - Setting next_dagrun for bronze_to_gold_dag to 2024-11-17T00:00:00+00:00, run_after=2024-11-18T00:00:00+00:00
[2024-11-17T22:12:53.954+0000] {processor.py:179} INFO - Processing /opt/airflow/dags/data_pipeline_dag.py took 0.274 seconds
[2024-11-17T22:13:24.145+0000] {processor.py:157} INFO - Started process (PID=214) to work on /opt/airflow/dags/data_pipeline_dag.py
[2024-11-17T22:13:24.146+0000] {processor.py:826} INFO - Processing file /opt/airflow/dags/data_pipeline_dag.py for tasks to queue
[2024-11-17T22:13:24.146+0000] {logging_mixin.py:150} INFO - [2024-11-17T22:13:24.146+0000] {dagbag.py:541} INFO - Filling up the DagBag from /opt/airflow/dags/data_pipeline_dag.py
[2024-11-17T22:13:24.327+0000] {processor.py:836} INFO - DAG(s) dict_keys(['bronze_to_gold_dag']) retrieved from /opt/airflow/dags/data_pipeline_dag.py
[2024-11-17T22:13:24.344+0000] {logging_mixin.py:150} INFO - [2024-11-17T22:13:24.344+0000] {dag.py:2742} INFO - Sync 1 DAGs
[2024-11-17T22:13:24.358+0000] {logging_mixin.py:150} INFO - [2024-11-17T22:13:24.358+0000] {dag.py:3508} INFO - Setting next_dagrun for bronze_to_gold_dag to 2024-11-17T00:00:00+00:00, run_after=2024-11-18T00:00:00+00:00
[2024-11-17T22:13:24.369+0000] {processor.py:179} INFO - Processing /opt/airflow/dags/data_pipeline_dag.py took 0.226 seconds
[2024-11-17T22:13:54.471+0000] {processor.py:157} INFO - Started process (PID=229) to work on /opt/airflow/dags/data_pipeline_dag.py
[2024-11-17T22:13:54.472+0000] {processor.py:826} INFO - Processing file /opt/airflow/dags/data_pipeline_dag.py for tasks to queue
[2024-11-17T22:13:54.474+0000] {logging_mixin.py:150} INFO - [2024-11-17T22:13:54.473+0000] {dagbag.py:541} INFO - Filling up the DagBag from /opt/airflow/dags/data_pipeline_dag.py
[2024-11-17T22:13:54.707+0000] {processor.py:836} INFO - DAG(s) dict_keys(['bronze_to_gold_dag']) retrieved from /opt/airflow/dags/data_pipeline_dag.py
[2024-11-17T22:13:54.733+0000] {logging_mixin.py:150} INFO - [2024-11-17T22:13:54.733+0000] {dag.py:2742} INFO - Sync 1 DAGs
[2024-11-17T22:13:54.749+0000] {logging_mixin.py:150} INFO - [2024-11-17T22:13:54.749+0000] {dag.py:3508} INFO - Setting next_dagrun for bronze_to_gold_dag to 2024-11-17T00:00:00+00:00, run_after=2024-11-18T00:00:00+00:00
[2024-11-17T22:13:54.760+0000] {processor.py:179} INFO - Processing /opt/airflow/dags/data_pipeline_dag.py took 0.296 seconds
[2024-11-17T22:14:24.906+0000] {processor.py:157} INFO - Started process (PID=244) to work on /opt/airflow/dags/data_pipeline_dag.py
[2024-11-17T22:14:24.908+0000] {processor.py:826} INFO - Processing file /opt/airflow/dags/data_pipeline_dag.py for tasks to queue
[2024-11-17T22:14:24.909+0000] {logging_mixin.py:150} INFO - [2024-11-17T22:14:24.909+0000] {dagbag.py:541} INFO - Filling up the DagBag from /opt/airflow/dags/data_pipeline_dag.py
[2024-11-17T22:14:25.086+0000] {processor.py:836} INFO - DAG(s) dict_keys(['bronze_to_gold_dag']) retrieved from /opt/airflow/dags/data_pipeline_dag.py
[2024-11-17T22:14:25.105+0000] {logging_mixin.py:150} INFO - [2024-11-17T22:14:25.105+0000] {dag.py:2742} INFO - Sync 1 DAGs
[2024-11-17T22:14:25.118+0000] {logging_mixin.py:150} INFO - [2024-11-17T22:14:25.118+0000] {dag.py:3508} INFO - Setting next_dagrun for bronze_to_gold_dag to 2024-11-17T00:00:00+00:00, run_after=2024-11-18T00:00:00+00:00
[2024-11-17T22:14:25.127+0000] {processor.py:179} INFO - Processing /opt/airflow/dags/data_pipeline_dag.py took 0.229 seconds
[2024-11-17T22:14:55.368+0000] {processor.py:157} INFO - Started process (PID=259) to work on /opt/airflow/dags/data_pipeline_dag.py
[2024-11-17T22:14:55.369+0000] {processor.py:826} INFO - Processing file /opt/airflow/dags/data_pipeline_dag.py for tasks to queue
[2024-11-17T22:14:55.370+0000] {logging_mixin.py:150} INFO - [2024-11-17T22:14:55.370+0000] {dagbag.py:541} INFO - Filling up the DagBag from /opt/airflow/dags/data_pipeline_dag.py
[2024-11-17T22:14:55.557+0000] {processor.py:836} INFO - DAG(s) dict_keys(['bronze_to_gold_dag']) retrieved from /opt/airflow/dags/data_pipeline_dag.py
[2024-11-17T22:14:55.573+0000] {logging_mixin.py:150} INFO - [2024-11-17T22:14:55.572+0000] {dag.py:2742} INFO - Sync 1 DAGs
[2024-11-17T22:14:55.585+0000] {logging_mixin.py:150} INFO - [2024-11-17T22:14:55.585+0000] {dag.py:3508} INFO - Setting next_dagrun for bronze_to_gold_dag to 2024-11-17T00:00:00+00:00, run_after=2024-11-18T00:00:00+00:00
[2024-11-17T22:14:55.595+0000] {processor.py:179} INFO - Processing /opt/airflow/dags/data_pipeline_dag.py took 0.232 seconds
[2024-11-17T22:15:25.712+0000] {processor.py:157} INFO - Started process (PID=274) to work on /opt/airflow/dags/data_pipeline_dag.py
[2024-11-17T22:15:25.714+0000] {processor.py:826} INFO - Processing file /opt/airflow/dags/data_pipeline_dag.py for tasks to queue
[2024-11-17T22:15:25.715+0000] {logging_mixin.py:150} INFO - [2024-11-17T22:15:25.715+0000] {dagbag.py:541} INFO - Filling up the DagBag from /opt/airflow/dags/data_pipeline_dag.py
[2024-11-17T22:15:25.888+0000] {processor.py:836} INFO - DAG(s) dict_keys(['bronze_to_gold_dag']) retrieved from /opt/airflow/dags/data_pipeline_dag.py
[2024-11-17T22:15:25.909+0000] {logging_mixin.py:150} INFO - [2024-11-17T22:15:25.909+0000] {dag.py:2742} INFO - Sync 1 DAGs
[2024-11-17T22:15:25.925+0000] {logging_mixin.py:150} INFO - [2024-11-17T22:15:25.925+0000] {dag.py:3508} INFO - Setting next_dagrun for bronze_to_gold_dag to 2024-11-17T00:00:00+00:00, run_after=2024-11-18T00:00:00+00:00
[2024-11-17T22:15:25.940+0000] {processor.py:179} INFO - Processing /opt/airflow/dags/data_pipeline_dag.py took 0.233 seconds
[2024-11-17T22:15:56.257+0000] {processor.py:157} INFO - Started process (PID=289) to work on /opt/airflow/dags/data_pipeline_dag.py
[2024-11-17T22:15:56.258+0000] {processor.py:826} INFO - Processing file /opt/airflow/dags/data_pipeline_dag.py for tasks to queue
[2024-11-17T22:15:56.259+0000] {logging_mixin.py:150} INFO - [2024-11-17T22:15:56.259+0000] {dagbag.py:541} INFO - Filling up the DagBag from /opt/airflow/dags/data_pipeline_dag.py
[2024-11-17T22:15:56.580+0000] {processor.py:836} INFO - DAG(s) dict_keys(['bronze_to_gold_dag']) retrieved from /opt/airflow/dags/data_pipeline_dag.py
[2024-11-17T22:15:56.612+0000] {logging_mixin.py:150} INFO - [2024-11-17T22:15:56.612+0000] {dag.py:2742} INFO - Sync 1 DAGs
[2024-11-17T22:15:56.630+0000] {logging_mixin.py:150} INFO - [2024-11-17T22:15:56.629+0000] {dag.py:3508} INFO - Setting next_dagrun for bronze_to_gold_dag to 2024-11-17T00:00:00+00:00, run_after=2024-11-18T00:00:00+00:00
[2024-11-17T22:15:56.641+0000] {processor.py:179} INFO - Processing /opt/airflow/dags/data_pipeline_dag.py took 0.389 seconds
[2024-11-17T22:16:26.981+0000] {processor.py:157} INFO - Started process (PID=304) to work on /opt/airflow/dags/data_pipeline_dag.py
[2024-11-17T22:16:26.982+0000] {processor.py:826} INFO - Processing file /opt/airflow/dags/data_pipeline_dag.py for tasks to queue
[2024-11-17T22:16:26.984+0000] {logging_mixin.py:150} INFO - [2024-11-17T22:16:26.983+0000] {dagbag.py:541} INFO - Filling up the DagBag from /opt/airflow/dags/data_pipeline_dag.py
[2024-11-17T22:16:27.201+0000] {processor.py:836} INFO - DAG(s) dict_keys(['bronze_to_gold_dag']) retrieved from /opt/airflow/dags/data_pipeline_dag.py
[2024-11-17T22:16:27.221+0000] {logging_mixin.py:150} INFO - [2024-11-17T22:16:27.221+0000] {dag.py:2742} INFO - Sync 1 DAGs
[2024-11-17T22:16:27.234+0000] {logging_mixin.py:150} INFO - [2024-11-17T22:16:27.234+0000] {dag.py:3508} INFO - Setting next_dagrun for bronze_to_gold_dag to 2024-11-17T00:00:00+00:00, run_after=2024-11-18T00:00:00+00:00
[2024-11-17T22:16:27.243+0000] {processor.py:179} INFO - Processing /opt/airflow/dags/data_pipeline_dag.py took 0.271 seconds
[2024-11-17T22:16:57.335+0000] {processor.py:157} INFO - Started process (PID=319) to work on /opt/airflow/dags/data_pipeline_dag.py
[2024-11-17T22:16:57.336+0000] {processor.py:826} INFO - Processing file /opt/airflow/dags/data_pipeline_dag.py for tasks to queue
[2024-11-17T22:16:57.338+0000] {logging_mixin.py:150} INFO - [2024-11-17T22:16:57.337+0000] {dagbag.py:541} INFO - Filling up the DagBag from /opt/airflow/dags/data_pipeline_dag.py
[2024-11-17T22:16:57.670+0000] {processor.py:836} INFO - DAG(s) dict_keys(['bronze_to_gold_dag']) retrieved from /opt/airflow/dags/data_pipeline_dag.py
[2024-11-17T22:16:57.703+0000] {logging_mixin.py:150} INFO - [2024-11-17T22:16:57.703+0000] {dag.py:2742} INFO - Sync 1 DAGs
[2024-11-17T22:16:57.720+0000] {logging_mixin.py:150} INFO - [2024-11-17T22:16:57.720+0000] {dag.py:3508} INFO - Setting next_dagrun for bronze_to_gold_dag to 2024-11-17T00:00:00+00:00, run_after=2024-11-18T00:00:00+00:00
[2024-11-17T22:16:57.732+0000] {processor.py:179} INFO - Processing /opt/airflow/dags/data_pipeline_dag.py took 0.405 seconds
[2024-11-17T22:17:27.813+0000] {processor.py:157} INFO - Started process (PID=334) to work on /opt/airflow/dags/data_pipeline_dag.py
[2024-11-17T22:17:27.814+0000] {processor.py:826} INFO - Processing file /opt/airflow/dags/data_pipeline_dag.py for tasks to queue
[2024-11-17T22:17:27.815+0000] {logging_mixin.py:150} INFO - [2024-11-17T22:17:27.814+0000] {dagbag.py:541} INFO - Filling up the DagBag from /opt/airflow/dags/data_pipeline_dag.py
[2024-11-17T22:17:27.993+0000] {processor.py:836} INFO - DAG(s) dict_keys(['bronze_to_gold_dag']) retrieved from /opt/airflow/dags/data_pipeline_dag.py
[2024-11-17T22:17:28.009+0000] {logging_mixin.py:150} INFO - [2024-11-17T22:17:28.009+0000] {dag.py:2742} INFO - Sync 1 DAGs
[2024-11-17T22:17:28.023+0000] {logging_mixin.py:150} INFO - [2024-11-17T22:17:28.023+0000] {dag.py:3508} INFO - Setting next_dagrun for bronze_to_gold_dag to 2024-11-17T00:00:00+00:00, run_after=2024-11-18T00:00:00+00:00
[2024-11-17T22:17:28.034+0000] {processor.py:179} INFO - Processing /opt/airflow/dags/data_pipeline_dag.py took 0.226 seconds
[2024-11-17T22:17:58.344+0000] {processor.py:157} INFO - Started process (PID=361) to work on /opt/airflow/dags/data_pipeline_dag.py
[2024-11-17T22:17:58.345+0000] {processor.py:826} INFO - Processing file /opt/airflow/dags/data_pipeline_dag.py for tasks to queue
[2024-11-17T22:17:58.346+0000] {logging_mixin.py:150} INFO - [2024-11-17T22:17:58.346+0000] {dagbag.py:541} INFO - Filling up the DagBag from /opt/airflow/dags/data_pipeline_dag.py
[2024-11-17T22:17:58.555+0000] {processor.py:836} INFO - DAG(s) dict_keys(['bronze_to_gold_dag']) retrieved from /opt/airflow/dags/data_pipeline_dag.py
[2024-11-17T22:17:58.574+0000] {logging_mixin.py:150} INFO - [2024-11-17T22:17:58.574+0000] {dag.py:2742} INFO - Sync 1 DAGs
[2024-11-17T22:17:58.589+0000] {logging_mixin.py:150} INFO - [2024-11-17T22:17:58.589+0000] {dag.py:3508} INFO - Setting next_dagrun for bronze_to_gold_dag to 2024-11-17T00:00:00+00:00, run_after=2024-11-18T00:00:00+00:00
[2024-11-17T22:17:58.600+0000] {processor.py:179} INFO - Processing /opt/airflow/dags/data_pipeline_dag.py took 0.261 seconds
[2024-11-17T22:18:28.676+0000] {processor.py:157} INFO - Started process (PID=376) to work on /opt/airflow/dags/data_pipeline_dag.py
[2024-11-17T22:18:28.677+0000] {processor.py:826} INFO - Processing file /opt/airflow/dags/data_pipeline_dag.py for tasks to queue
[2024-11-17T22:18:28.678+0000] {logging_mixin.py:150} INFO - [2024-11-17T22:18:28.677+0000] {dagbag.py:541} INFO - Filling up the DagBag from /opt/airflow/dags/data_pipeline_dag.py
[2024-11-17T22:18:29.006+0000] {processor.py:836} INFO - DAG(s) dict_keys(['bronze_to_gold_dag']) retrieved from /opt/airflow/dags/data_pipeline_dag.py
[2024-11-17T22:18:29.037+0000] {logging_mixin.py:150} INFO - [2024-11-17T22:18:29.036+0000] {dag.py:2742} INFO - Sync 1 DAGs
[2024-11-17T22:18:29.055+0000] {logging_mixin.py:150} INFO - [2024-11-17T22:18:29.055+0000] {dag.py:3508} INFO - Setting next_dagrun for bronze_to_gold_dag to 2024-11-17T00:00:00+00:00, run_after=2024-11-18T00:00:00+00:00
[2024-11-17T22:18:29.065+0000] {processor.py:179} INFO - Processing /opt/airflow/dags/data_pipeline_dag.py took 0.396 seconds
[2024-11-17T22:19:05.475+0000] {processor.py:157} INFO - Started process (PID=158) to work on /opt/airflow/dags/data_pipeline_dag.py
[2024-11-17T22:19:05.480+0000] {processor.py:826} INFO - Processing file /opt/airflow/dags/data_pipeline_dag.py for tasks to queue
[2024-11-17T22:19:05.484+0000] {logging_mixin.py:150} INFO - [2024-11-17T22:19:05.484+0000] {dagbag.py:541} INFO - Filling up the DagBag from /opt/airflow/dags/data_pipeline_dag.py
[2024-11-17T22:19:06.273+0000] {processor.py:836} INFO - DAG(s) dict_keys(['bronze_to_gold_dag']) retrieved from /opt/airflow/dags/data_pipeline_dag.py
[2024-11-17T22:19:06.287+0000] {logging_mixin.py:150} INFO - [2024-11-17T22:19:06.287+0000] {dag.py:2742} INFO - Sync 1 DAGs
[2024-11-17T22:19:06.301+0000] {logging_mixin.py:150} INFO - [2024-11-17T22:19:06.301+0000] {dag.py:3508} INFO - Setting next_dagrun for bronze_to_gold_dag to 2024-11-17T00:00:00+00:00, run_after=2024-11-18T00:00:00+00:00
[2024-11-17T22:19:06.311+0000] {processor.py:179} INFO - Processing /opt/airflow/dags/data_pipeline_dag.py took 0.841 seconds
[2024-11-17T22:19:36.550+0000] {processor.py:157} INFO - Started process (PID=186) to work on /opt/airflow/dags/data_pipeline_dag.py
[2024-11-17T22:19:36.551+0000] {processor.py:826} INFO - Processing file /opt/airflow/dags/data_pipeline_dag.py for tasks to queue
[2024-11-17T22:19:36.552+0000] {logging_mixin.py:150} INFO - [2024-11-17T22:19:36.552+0000] {dagbag.py:541} INFO - Filling up the DagBag from /opt/airflow/dags/data_pipeline_dag.py
[2024-11-17T22:19:36.761+0000] {processor.py:836} INFO - DAG(s) dict_keys(['bronze_to_gold_dag']) retrieved from /opt/airflow/dags/data_pipeline_dag.py
[2024-11-17T22:19:36.785+0000] {logging_mixin.py:150} INFO - [2024-11-17T22:19:36.785+0000] {dag.py:2742} INFO - Sync 1 DAGs
[2024-11-17T22:19:36.801+0000] {logging_mixin.py:150} INFO - [2024-11-17T22:19:36.800+0000] {dag.py:3508} INFO - Setting next_dagrun for bronze_to_gold_dag to 2024-11-17T00:00:00+00:00, run_after=2024-11-18T00:00:00+00:00
[2024-11-17T22:19:36.811+0000] {processor.py:179} INFO - Processing /opt/airflow/dags/data_pipeline_dag.py took 0.266 seconds
[2024-11-17T22:20:07.129+0000] {processor.py:157} INFO - Started process (PID=201) to work on /opt/airflow/dags/data_pipeline_dag.py
[2024-11-17T22:20:07.130+0000] {processor.py:826} INFO - Processing file /opt/airflow/dags/data_pipeline_dag.py for tasks to queue
[2024-11-17T22:20:07.132+0000] {logging_mixin.py:150} INFO - [2024-11-17T22:20:07.131+0000] {dagbag.py:541} INFO - Filling up the DagBag from /opt/airflow/dags/data_pipeline_dag.py
[2024-11-17T22:20:07.422+0000] {processor.py:836} INFO - DAG(s) dict_keys(['bronze_to_gold_dag']) retrieved from /opt/airflow/dags/data_pipeline_dag.py
[2024-11-17T22:20:07.448+0000] {logging_mixin.py:150} INFO - [2024-11-17T22:20:07.447+0000] {dag.py:2742} INFO - Sync 1 DAGs
[2024-11-17T22:20:07.464+0000] {logging_mixin.py:150} INFO - [2024-11-17T22:20:07.464+0000] {dag.py:3508} INFO - Setting next_dagrun for bronze_to_gold_dag to 2024-11-17T00:00:00+00:00, run_after=2024-11-18T00:00:00+00:00
[2024-11-17T22:20:07.474+0000] {processor.py:179} INFO - Processing /opt/airflow/dags/data_pipeline_dag.py took 0.351 seconds
[2024-11-17T22:20:37.764+0000] {processor.py:157} INFO - Started process (PID=216) to work on /opt/airflow/dags/data_pipeline_dag.py
[2024-11-17T22:20:37.765+0000] {processor.py:826} INFO - Processing file /opt/airflow/dags/data_pipeline_dag.py for tasks to queue
[2024-11-17T22:20:37.766+0000] {logging_mixin.py:150} INFO - [2024-11-17T22:20:37.766+0000] {dagbag.py:541} INFO - Filling up the DagBag from /opt/airflow/dags/data_pipeline_dag.py
[2024-11-17T22:20:45.568+0000] {processor.py:157} INFO - Started process (PID=159) to work on /opt/airflow/dags/data_pipeline_dag.py
[2024-11-17T22:20:45.572+0000] {processor.py:826} INFO - Processing file /opt/airflow/dags/data_pipeline_dag.py for tasks to queue
[2024-11-17T22:20:45.574+0000] {logging_mixin.py:150} INFO - [2024-11-17T22:20:45.574+0000] {dagbag.py:541} INFO - Filling up the DagBag from /opt/airflow/dags/data_pipeline_dag.py
[2024-11-17T22:20:46.357+0000] {processor.py:836} INFO - DAG(s) dict_keys(['bronze_to_gold_dag']) retrieved from /opt/airflow/dags/data_pipeline_dag.py
[2024-11-17T22:20:46.372+0000] {logging_mixin.py:150} INFO - [2024-11-17T22:20:46.371+0000] {dag.py:2742} INFO - Sync 1 DAGs
[2024-11-17T22:20:46.384+0000] {logging_mixin.py:150} INFO - [2024-11-17T22:20:46.384+0000] {dag.py:3508} INFO - Setting next_dagrun for bronze_to_gold_dag to 2024-11-17T00:00:00+00:00, run_after=2024-11-18T00:00:00+00:00
[2024-11-17T22:20:46.395+0000] {processor.py:179} INFO - Processing /opt/airflow/dags/data_pipeline_dag.py took 0.829 seconds
[2024-11-17T22:21:16.627+0000] {processor.py:157} INFO - Started process (PID=175) to work on /opt/airflow/dags/data_pipeline_dag.py
[2024-11-17T22:21:16.628+0000] {processor.py:826} INFO - Processing file /opt/airflow/dags/data_pipeline_dag.py for tasks to queue
[2024-11-17T22:21:16.628+0000] {logging_mixin.py:150} INFO - [2024-11-17T22:21:16.628+0000] {dagbag.py:541} INFO - Filling up the DagBag from /opt/airflow/dags/data_pipeline_dag.py
[2024-11-17T22:21:16.859+0000] {processor.py:836} INFO - DAG(s) dict_keys(['bronze_to_gold_dag']) retrieved from /opt/airflow/dags/data_pipeline_dag.py
[2024-11-17T22:21:16.887+0000] {logging_mixin.py:150} INFO - [2024-11-17T22:21:16.887+0000] {dag.py:2742} INFO - Sync 1 DAGs
[2024-11-17T22:21:16.903+0000] {logging_mixin.py:150} INFO - [2024-11-17T22:21:16.903+0000] {dag.py:3508} INFO - Setting next_dagrun for bronze_to_gold_dag to 2024-11-17T00:00:00+00:00, run_after=2024-11-18T00:00:00+00:00
[2024-11-17T22:21:16.913+0000] {processor.py:179} INFO - Processing /opt/airflow/dags/data_pipeline_dag.py took 0.288 seconds
[2024-11-17T22:21:47.209+0000] {processor.py:157} INFO - Started process (PID=224) to work on /opt/airflow/dags/data_pipeline_dag.py
[2024-11-17T22:21:47.211+0000] {processor.py:826} INFO - Processing file /opt/airflow/dags/data_pipeline_dag.py for tasks to queue
[2024-11-17T22:21:47.211+0000] {logging_mixin.py:150} INFO - [2024-11-17T22:21:47.211+0000] {dagbag.py:541} INFO - Filling up the DagBag from /opt/airflow/dags/data_pipeline_dag.py
[2024-11-17T22:21:47.426+0000] {processor.py:836} INFO - DAG(s) dict_keys(['bronze_to_gold_dag']) retrieved from /opt/airflow/dags/data_pipeline_dag.py
[2024-11-17T22:21:47.446+0000] {logging_mixin.py:150} INFO - [2024-11-17T22:21:47.446+0000] {dag.py:2742} INFO - Sync 1 DAGs
[2024-11-17T22:21:47.464+0000] {logging_mixin.py:150} INFO - [2024-11-17T22:21:47.464+0000] {dag.py:3508} INFO - Setting next_dagrun for bronze_to_gold_dag to 2024-11-17T00:00:00+00:00, run_after=2024-11-18T00:00:00+00:00
[2024-11-17T22:21:47.476+0000] {processor.py:179} INFO - Processing /opt/airflow/dags/data_pipeline_dag.py took 0.276 seconds
[2024-11-17T22:22:17.853+0000] {processor.py:157} INFO - Started process (PID=241) to work on /opt/airflow/dags/data_pipeline_dag.py
[2024-11-17T22:22:17.855+0000] {processor.py:826} INFO - Processing file /opt/airflow/dags/data_pipeline_dag.py for tasks to queue
[2024-11-17T22:22:17.856+0000] {logging_mixin.py:150} INFO - [2024-11-17T22:22:17.855+0000] {dagbag.py:541} INFO - Filling up the DagBag from /opt/airflow/dags/data_pipeline_dag.py
[2024-11-17T22:22:18.138+0000] {processor.py:836} INFO - DAG(s) dict_keys(['bronze_to_gold_dag']) retrieved from /opt/airflow/dags/data_pipeline_dag.py
[2024-11-17T22:22:18.167+0000] {logging_mixin.py:150} INFO - [2024-11-17T22:22:18.167+0000] {dag.py:2742} INFO - Sync 1 DAGs
[2024-11-17T22:22:18.185+0000] {logging_mixin.py:150} INFO - [2024-11-17T22:22:18.185+0000] {dag.py:3508} INFO - Setting next_dagrun for bronze_to_gold_dag to 2024-11-17T00:00:00+00:00, run_after=2024-11-18T00:00:00+00:00
[2024-11-17T22:22:18.199+0000] {processor.py:179} INFO - Processing /opt/airflow/dags/data_pipeline_dag.py took 0.353 seconds
[2024-11-17T22:22:48.487+0000] {processor.py:157} INFO - Started process (PID=256) to work on /opt/airflow/dags/data_pipeline_dag.py
[2024-11-17T22:22:48.489+0000] {processor.py:826} INFO - Processing file /opt/airflow/dags/data_pipeline_dag.py for tasks to queue
[2024-11-17T22:22:48.491+0000] {logging_mixin.py:150} INFO - [2024-11-17T22:22:48.490+0000] {dagbag.py:541} INFO - Filling up the DagBag from /opt/airflow/dags/data_pipeline_dag.py
[2024-11-17T22:22:48.780+0000] {processor.py:836} INFO - DAG(s) dict_keys(['bronze_to_gold_dag']) retrieved from /opt/airflow/dags/data_pipeline_dag.py
[2024-11-17T22:22:48.813+0000] {logging_mixin.py:150} INFO - [2024-11-17T22:22:48.813+0000] {dag.py:2742} INFO - Sync 1 DAGs
[2024-11-17T22:22:48.830+0000] {logging_mixin.py:150} INFO - [2024-11-17T22:22:48.829+0000] {dag.py:3508} INFO - Setting next_dagrun for bronze_to_gold_dag to 2024-11-17T00:00:00+00:00, run_after=2024-11-18T00:00:00+00:00
[2024-11-17T22:22:48.840+0000] {processor.py:179} INFO - Processing /opt/airflow/dags/data_pipeline_dag.py took 0.359 seconds
[2024-11-17T22:23:19.173+0000] {processor.py:157} INFO - Started process (PID=271) to work on /opt/airflow/dags/data_pipeline_dag.py
[2024-11-17T22:23:19.175+0000] {processor.py:826} INFO - Processing file /opt/airflow/dags/data_pipeline_dag.py for tasks to queue
[2024-11-17T22:23:19.176+0000] {logging_mixin.py:150} INFO - [2024-11-17T22:23:19.176+0000] {dagbag.py:541} INFO - Filling up the DagBag from /opt/airflow/dags/data_pipeline_dag.py
[2024-11-17T22:23:19.392+0000] {processor.py:836} INFO - DAG(s) dict_keys(['bronze_to_gold_dag']) retrieved from /opt/airflow/dags/data_pipeline_dag.py
[2024-11-17T22:23:19.412+0000] {logging_mixin.py:150} INFO - [2024-11-17T22:23:19.412+0000] {dag.py:2742} INFO - Sync 1 DAGs
[2024-11-17T22:23:19.430+0000] {logging_mixin.py:150} INFO - [2024-11-17T22:23:19.430+0000] {dag.py:3508} INFO - Setting next_dagrun for bronze_to_gold_dag to 2024-11-17T00:00:00+00:00, run_after=2024-11-18T00:00:00+00:00
[2024-11-17T22:23:19.442+0000] {processor.py:179} INFO - Processing /opt/airflow/dags/data_pipeline_dag.py took 0.275 seconds
[2024-11-17T22:23:49.484+0000] {processor.py:157} INFO - Started process (PID=286) to work on /opt/airflow/dags/data_pipeline_dag.py
[2024-11-17T22:23:49.485+0000] {processor.py:826} INFO - Processing file /opt/airflow/dags/data_pipeline_dag.py for tasks to queue
[2024-11-17T22:23:49.486+0000] {logging_mixin.py:150} INFO - [2024-11-17T22:23:49.486+0000] {dagbag.py:541} INFO - Filling up the DagBag from /opt/airflow/dags/data_pipeline_dag.py
[2024-11-17T22:23:49.696+0000] {processor.py:836} INFO - DAG(s) dict_keys(['bronze_to_gold_dag']) retrieved from /opt/airflow/dags/data_pipeline_dag.py
[2024-11-17T22:23:49.713+0000] {logging_mixin.py:150} INFO - [2024-11-17T22:23:49.713+0000] {dag.py:2742} INFO - Sync 1 DAGs
[2024-11-17T22:23:49.727+0000] {logging_mixin.py:150} INFO - [2024-11-17T22:23:49.727+0000] {dag.py:3508} INFO - Setting next_dagrun for bronze_to_gold_dag to 2024-11-17T00:00:00+00:00, run_after=2024-11-18T00:00:00+00:00
[2024-11-17T22:23:49.735+0000] {processor.py:179} INFO - Processing /opt/airflow/dags/data_pipeline_dag.py took 0.255 seconds
[2024-11-17T22:23:53.529+0000] {processor.py:157} INFO - Started process (PID=301) to work on /opt/airflow/dags/data_pipeline_dag.py
[2024-11-17T22:23:53.530+0000] {processor.py:826} INFO - Processing file /opt/airflow/dags/data_pipeline_dag.py for tasks to queue
[2024-11-17T22:23:53.530+0000] {logging_mixin.py:150} INFO - [2024-11-17T22:23:53.530+0000] {dagbag.py:541} INFO - Filling up the DagBag from /opt/airflow/dags/data_pipeline_dag.py
[2024-11-17T22:23:53.733+0000] {processor.py:836} INFO - DAG(s) dict_keys(['bronze_to_gold_dag']) retrieved from /opt/airflow/dags/data_pipeline_dag.py
[2024-11-17T22:23:53.752+0000] {logging_mixin.py:150} INFO - [2024-11-17T22:23:53.752+0000] {dag.py:2742} INFO - Sync 1 DAGs
[2024-11-17T22:23:53.768+0000] {logging_mixin.py:150} INFO - [2024-11-17T22:23:53.768+0000] {dag.py:3508} INFO - Setting next_dagrun for bronze_to_gold_dag to 2024-11-17T00:00:00+00:00, run_after=2024-11-18T00:00:00+00:00
[2024-11-17T22:23:53.792+0000] {processor.py:179} INFO - Processing /opt/airflow/dags/data_pipeline_dag.py took 0.266 seconds
[2024-11-17T22:24:12.054+0000] {processor.py:157} INFO - Started process (PID=316) to work on /opt/airflow/dags/data_pipeline_dag.py
[2024-11-17T22:24:12.056+0000] {processor.py:826} INFO - Processing file /opt/airflow/dags/data_pipeline_dag.py for tasks to queue
[2024-11-17T22:24:12.057+0000] {logging_mixin.py:150} INFO - [2024-11-17T22:24:12.056+0000] {dagbag.py:541} INFO - Filling up the DagBag from /opt/airflow/dags/data_pipeline_dag.py
[2024-11-17T22:24:12.293+0000] {processor.py:836} INFO - DAG(s) dict_keys(['bronze_to_gold_dag']) retrieved from /opt/airflow/dags/data_pipeline_dag.py
[2024-11-17T22:24:12.314+0000] {logging_mixin.py:150} INFO - [2024-11-17T22:24:12.313+0000] {dag.py:2742} INFO - Sync 1 DAGs
[2024-11-17T22:24:12.329+0000] {logging_mixin.py:150} INFO - [2024-11-17T22:24:12.328+0000] {dag.py:3508} INFO - Setting next_dagrun for bronze_to_gold_dag to 2024-11-17T00:00:00+00:00, run_after=2024-11-18T00:00:00+00:00
[2024-11-17T22:24:12.340+0000] {processor.py:179} INFO - Processing /opt/airflow/dags/data_pipeline_dag.py took 0.292 seconds
[2024-11-17T22:24:42.374+0000] {processor.py:157} INFO - Started process (PID=367) to work on /opt/airflow/dags/data_pipeline_dag.py
[2024-11-17T22:24:42.375+0000] {processor.py:826} INFO - Processing file /opt/airflow/dags/data_pipeline_dag.py for tasks to queue
[2024-11-17T22:24:42.376+0000] {logging_mixin.py:150} INFO - [2024-11-17T22:24:42.376+0000] {dagbag.py:541} INFO - Filling up the DagBag from /opt/airflow/dags/data_pipeline_dag.py
[2024-11-17T22:24:42.604+0000] {processor.py:836} INFO - DAG(s) dict_keys(['bronze_to_gold_dag']) retrieved from /opt/airflow/dags/data_pipeline_dag.py
[2024-11-17T22:24:42.628+0000] {logging_mixin.py:150} INFO - [2024-11-17T22:24:42.627+0000] {dag.py:2742} INFO - Sync 1 DAGs
[2024-11-17T22:24:42.643+0000] {logging_mixin.py:150} INFO - [2024-11-17T22:24:42.643+0000] {dag.py:3508} INFO - Setting next_dagrun for bronze_to_gold_dag to 2024-11-17T00:00:00+00:00, run_after=2024-11-18T00:00:00+00:00
[2024-11-17T22:24:42.654+0000] {processor.py:179} INFO - Processing /opt/airflow/dags/data_pipeline_dag.py took 0.283 seconds
[2024-11-17T22:25:12.874+0000] {processor.py:157} INFO - Started process (PID=382) to work on /opt/airflow/dags/data_pipeline_dag.py
[2024-11-17T22:25:12.875+0000] {processor.py:826} INFO - Processing file /opt/airflow/dags/data_pipeline_dag.py for tasks to queue
[2024-11-17T22:25:12.876+0000] {logging_mixin.py:150} INFO - [2024-11-17T22:25:12.876+0000] {dagbag.py:541} INFO - Filling up the DagBag from /opt/airflow/dags/data_pipeline_dag.py
[2024-11-17T22:25:13.139+0000] {processor.py:836} INFO - DAG(s) dict_keys(['bronze_to_gold_dag']) retrieved from /opt/airflow/dags/data_pipeline_dag.py
[2024-11-17T22:25:13.156+0000] {logging_mixin.py:150} INFO - [2024-11-17T22:25:13.156+0000] {dag.py:2742} INFO - Sync 1 DAGs
[2024-11-17T22:25:13.168+0000] {logging_mixin.py:150} INFO - [2024-11-17T22:25:13.168+0000] {dag.py:3508} INFO - Setting next_dagrun for bronze_to_gold_dag to 2024-11-17T00:00:00+00:00, run_after=2024-11-18T00:00:00+00:00
[2024-11-17T22:25:13.178+0000] {processor.py:179} INFO - Processing /opt/airflow/dags/data_pipeline_dag.py took 0.307 seconds
