[2024-11-17T22:06:57.338+0000] {manager.py:487} INFO - Processing files using up to 2 processes at a time 
[2024-11-17T22:06:57.339+0000] {manager.py:488} INFO - Process each file at most once every 30 seconds
[2024-11-17T22:06:57.340+0000] {manager.py:490} INFO - Checking for new files in /opt/airflow/dags every 300 seconds
[2024-11-17T22:06:57.340+0000] {manager.py:758} INFO - Searching for files in /opt/airflow/dags
[2024-11-17T22:06:57.344+0000] {manager.py:761} INFO - There are 1 files in /opt/airflow/dags
[2024-11-17T22:06:57.581+0000] {manager.py:889} INFO - 
================================================================================
DAG File Processing Stats

File Path                                 PID  Runtime      # DAGs    # Errors  Last Runtime    Last Run
--------------------------------------  -----  ---------  --------  ----------  --------------  ----------
/opt/airflow/dags/data_pipeline_dag.py    159  0.18s             0           0
================================================================================
[2024-11-17T22:06:58.835+0000] {manager.py:1024} ERROR - Processor for /opt/airflow/dags/data_pipeline_dag.py exited with return code 1.
[2024-11-17T22:07:27.804+0000] {manager.py:889} INFO - 
================================================================================
DAG File Processing Stats

File Path                               PID    Runtime      # DAGs    # Errors  Last Runtime    Last Run
--------------------------------------  -----  ---------  --------  ----------  --------------  -------------------
/opt/airflow/dags/data_pipeline_dag.py                           0          -1  1.44s           2024-11-17T22:06:58
================================================================================
[2024-11-17T22:07:58.301+0000] {manager.py:889} INFO - 
================================================================================
DAG File Processing Stats

File Path                               PID    Runtime      # DAGs    # Errors  Last Runtime    Last Run
--------------------------------------  -----  ---------  --------  ----------  --------------  -------------------
/opt/airflow/dags/data_pipeline_dag.py                           1           0  0.33s           2024-11-17T22:07:29
================================================================================
[2024-11-17T22:08:28.906+0000] {manager.py:889} INFO - 
================================================================================
DAG File Processing Stats

File Path                               PID    Runtime      # DAGs    # Errors  Last Runtime    Last Run
--------------------------------------  -----  ---------  --------  ----------  --------------  -------------------
/opt/airflow/dags/data_pipeline_dag.py                           1           0  0.38s           2024-11-17T22:08:00
================================================================================
[2024-11-17T22:08:59.460+0000] {manager.py:889} INFO - 
================================================================================
DAG File Processing Stats

File Path                               PID    Runtime      # DAGs    # Errors  Last Runtime    Last Run
--------------------------------------  -----  ---------  --------  ----------  --------------  -------------------
/opt/airflow/dags/data_pipeline_dag.py                           1           0  0.28s           2024-11-17T22:08:30
================================================================================
[2024-11-17T22:09:30.050+0000] {manager.py:889} INFO - 
================================================================================
DAG File Processing Stats

File Path                               PID    Runtime      # DAGs    # Errors  Last Runtime    Last Run
--------------------------------------  -----  ---------  --------  ----------  --------------  -------------------
/opt/airflow/dags/data_pipeline_dag.py                           1           0  0.31s           2024-11-17T22:09:01
================================================================================
[2024-11-17T22:10:00.596+0000] {manager.py:889} INFO - 
================================================================================
DAG File Processing Stats

File Path                               PID    Runtime      # DAGs    # Errors  Last Runtime    Last Run
--------------------------------------  -----  ---------  --------  ----------  --------------  -------------------
/opt/airflow/dags/data_pipeline_dag.py                           1           0  0.32s           2024-11-17T22:09:31
================================================================================
[2024-11-17T22:10:31.130+0000] {manager.py:889} INFO - 
================================================================================
DAG File Processing Stats

File Path                               PID    Runtime      # DAGs    # Errors  Last Runtime    Last Run
--------------------------------------  -----  ---------  --------  ----------  --------------  -------------------
/opt/airflow/dags/data_pipeline_dag.py                           1           0  0.32s           2024-11-17T22:10:02
================================================================================
[2024-11-17T22:11:01.721+0000] {manager.py:889} INFO - 
================================================================================
DAG File Processing Stats

File Path                               PID    Runtime      # DAGs    # Errors  Last Runtime    Last Run
--------------------------------------  -----  ---------  --------  ----------  --------------  -------------------
/opt/airflow/dags/data_pipeline_dag.py                           1           0  0.40s           2024-11-17T22:10:32
================================================================================
[2024-11-17T22:11:31.742+0000] {manager.py:889} INFO - 
================================================================================
DAG File Processing Stats

File Path                               PID    Runtime      # DAGs    # Errors  Last Runtime    Last Run
--------------------------------------  -----  ---------  --------  ----------  --------------  -------------------
/opt/airflow/dags/data_pipeline_dag.py                           1           0  0.35s           2024-11-17T22:11:03
================================================================================
[2024-11-17T22:11:57.406+0000] {manager.py:758} INFO - Searching for files in /opt/airflow/dags
[2024-11-17T22:11:57.414+0000] {manager.py:761} INFO - There are 1 files in /opt/airflow/dags
[2024-11-17T22:12:02.316+0000] {manager.py:889} INFO - 
================================================================================
DAG File Processing Stats

File Path                               PID    Runtime      # DAGs    # Errors  Last Runtime    Last Run
--------------------------------------  -----  ---------  --------  ----------  --------------  -------------------
/opt/airflow/dags/data_pipeline_dag.py                           1           0  0.38s           2024-11-17T22:11:54
================================================================================
[2024-11-17T22:12:12.657+0000] {manager.py:470} INFO - Exiting gracefully upon receiving signal 15
[2024-11-17T22:12:22.552+0000] {manager.py:487} INFO - Processing files using up to 2 processes at a time 
[2024-11-17T22:12:22.552+0000] {manager.py:488} INFO - Process each file at most once every 30 seconds
[2024-11-17T22:12:22.552+0000] {manager.py:490} INFO - Checking for new files in /opt/airflow/dags every 300 seconds
[2024-11-17T22:12:22.552+0000] {manager.py:758} INFO - Searching for files in /opt/airflow/dags
[2024-11-17T22:12:22.557+0000] {manager.py:761} INFO - There are 1 files in /opt/airflow/dags
[2024-11-17T22:12:22.753+0000] {manager.py:889} INFO - 
================================================================================
DAG File Processing Stats

File Path                                 PID  Runtime      # DAGs    # Errors  Last Runtime    Last Run
--------------------------------------  -----  ---------  --------  ----------  --------------  ----------
/opt/airflow/dags/data_pipeline_dag.py    159  0.16s             0           0
================================================================================
[2024-11-17T22:12:52.924+0000] {manager.py:889} INFO - 
================================================================================
DAG File Processing Stats

File Path                               PID    Runtime      # DAGs    # Errors  Last Runtime    Last Run
--------------------------------------  -----  ---------  --------  ----------  --------------  -------------------
/opt/airflow/dags/data_pipeline_dag.py                           1           0  0.86s           2024-11-17T22:12:23
================================================================================
[2024-11-17T22:13:23.123+0000] {manager.py:889} INFO - 
================================================================================
DAG File Processing Stats

File Path                               PID    Runtime      # DAGs    # Errors  Last Runtime    Last Run
--------------------------------------  -----  ---------  --------  ----------  --------------  -------------------
/opt/airflow/dags/data_pipeline_dag.py                           1           0  0.29s           2024-11-17T22:12:53
================================================================================
[2024-11-17T22:13:53.396+0000] {manager.py:889} INFO - 
================================================================================
DAG File Processing Stats

File Path                               PID    Runtime      # DAGs    # Errors  Last Runtime    Last Run
--------------------------------------  -----  ---------  --------  ----------  --------------  -------------------
/opt/airflow/dags/data_pipeline_dag.py                           1           0  0.24s           2024-11-17T22:13:24
================================================================================
[2024-11-17T22:14:23.862+0000] {manager.py:889} INFO - 
================================================================================
DAG File Processing Stats

File Path                               PID    Runtime      # DAGs    # Errors  Last Runtime    Last Run
--------------------------------------  -----  ---------  --------  ----------  --------------  -------------------
/opt/airflow/dags/data_pipeline_dag.py                           1           0  0.34s           2024-11-17T22:13:54
================================================================================
[2024-11-17T22:14:54.321+0000] {manager.py:889} INFO - 
================================================================================
DAG File Processing Stats

File Path                               PID    Runtime      # DAGs    # Errors  Last Runtime    Last Run
--------------------------------------  -----  ---------  --------  ----------  --------------  -------------------
/opt/airflow/dags/data_pipeline_dag.py                           1           0  0.26s           2024-11-17T22:14:25
================================================================================
[2024-11-17T22:15:24.674+0000] {manager.py:889} INFO - 
================================================================================
DAG File Processing Stats

File Path                               PID    Runtime      # DAGs    # Errors  Last Runtime    Last Run
--------------------------------------  -----  ---------  --------  ----------  --------------  -------------------
/opt/airflow/dags/data_pipeline_dag.py                           1           0  0.26s           2024-11-17T22:14:55
================================================================================
[2024-11-17T22:15:55.210+0000] {manager.py:889} INFO - 
================================================================================
DAG File Processing Stats

File Path                               PID    Runtime      # DAGs    # Errors  Last Runtime    Last Run
--------------------------------------  -----  ---------  --------  ----------  --------------  -------------------
/opt/airflow/dags/data_pipeline_dag.py                           1           0  0.26s           2024-11-17T22:15:25
================================================================================
[2024-11-17T22:16:25.543+0000] {manager.py:889} INFO - 
================================================================================
DAG File Processing Stats

File Path                               PID    Runtime      # DAGs    # Errors  Last Runtime    Last Run
--------------------------------------  -----  ---------  --------  ----------  --------------  -------------------
/opt/airflow/dags/data_pipeline_dag.py                           1           0  0.42s           2024-11-17T22:15:56
================================================================================
[2024-11-17T22:16:56.251+0000] {manager.py:889} INFO - 
================================================================================
DAG File Processing Stats

File Path                               PID    Runtime      # DAGs    # Errors  Last Runtime    Last Run
--------------------------------------  -----  ---------  --------  ----------  --------------  -------------------
/opt/airflow/dags/data_pipeline_dag.py                           1           0  0.30s           2024-11-17T22:16:27
================================================================================
[2024-11-17T22:17:22.735+0000] {manager.py:758} INFO - Searching for files in /opt/airflow/dags
[2024-11-17T22:17:22.739+0000] {manager.py:761} INFO - There are 1 files in /opt/airflow/dags
[2024-11-17T22:17:26.785+0000] {manager.py:889} INFO - 
================================================================================
DAG File Processing Stats

File Path                               PID    Runtime      # DAGs    # Errors  Last Runtime    Last Run
--------------------------------------  -----  ---------  --------  ----------  --------------  -------------------
/opt/airflow/dags/data_pipeline_dag.py                           1           0  0.46s           2024-11-17T22:16:57
================================================================================
[2024-11-17T22:17:57.307+0000] {manager.py:889} INFO - 
================================================================================
DAG File Processing Stats

File Path                               PID    Runtime      # DAGs    # Errors  Last Runtime    Last Run
--------------------------------------  -----  ---------  --------  ----------  --------------  -------------------
/opt/airflow/dags/data_pipeline_dag.py                           1           0  0.24s           2024-11-17T22:17:28
================================================================================
[2024-11-17T22:18:27.633+0000] {manager.py:889} INFO - 
================================================================================
DAG File Processing Stats

File Path                               PID    Runtime      # DAGs    # Errors  Last Runtime    Last Run
--------------------------------------  -----  ---------  --------  ----------  --------------  -------------------
/opt/airflow/dags/data_pipeline_dag.py                           1           0  0.28s           2024-11-17T22:17:58
================================================================================
[2024-11-17T22:18:49.963+0000] {manager.py:470} INFO - Exiting gracefully upon receiving signal 15
[2024-11-17T22:19:05.400+0000] {manager.py:487} INFO - Processing files using up to 2 processes at a time 
[2024-11-17T22:19:05.400+0000] {manager.py:488} INFO - Process each file at most once every 30 seconds
[2024-11-17T22:19:05.401+0000] {manager.py:490} INFO - Checking for new files in /opt/airflow/dags every 300 seconds
[2024-11-17T22:19:05.401+0000] {manager.py:758} INFO - Searching for files in /opt/airflow/dags
[2024-11-17T22:19:05.408+0000] {manager.py:761} INFO - There are 1 files in /opt/airflow/dags
[2024-11-17T22:19:05.633+0000] {manager.py:889} INFO - 
================================================================================
DAG File Processing Stats

File Path                                 PID  Runtime      # DAGs    # Errors  Last Runtime    Last Run
--------------------------------------  -----  ---------  --------  ----------  --------------  ----------
/opt/airflow/dags/data_pipeline_dag.py    158  0.18s             0           0
================================================================================
[2024-11-17T22:19:35.831+0000] {manager.py:889} INFO - 
================================================================================
DAG File Processing Stats

File Path                               PID    Runtime      # DAGs    # Errors  Last Runtime    Last Run
--------------------------------------  -----  ---------  --------  ----------  --------------  -------------------
/opt/airflow/dags/data_pipeline_dag.py                           1           0  0.87s           2024-11-17T22:19:06
================================================================================
[2024-11-17T22:20:06.083+0000] {manager.py:889} INFO - 
================================================================================
DAG File Processing Stats

File Path                               PID    Runtime      # DAGs    # Errors  Last Runtime    Last Run
--------------------------------------  -----  ---------  --------  ----------  --------------  -------------------
/opt/airflow/dags/data_pipeline_dag.py                           1           0  0.28s           2024-11-17T22:19:36
================================================================================
[2024-11-17T22:20:36.359+0000] {manager.py:889} INFO - 
================================================================================
DAG File Processing Stats

File Path                               PID    Runtime      # DAGs    # Errors  Last Runtime    Last Run
--------------------------------------  -----  ---------  --------  ----------  --------------  -------------------
/opt/airflow/dags/data_pipeline_dag.py                           1           0  0.38s           2024-11-17T22:20:07
================================================================================
[2024-11-17T22:20:37.825+0000] {manager.py:470} INFO - Exiting gracefully upon receiving signal 15
[2024-11-17T22:20:37.822+0000] {manager.py:470} INFO - Exiting gracefully upon receiving signal 15
[2024-11-17T22:20:37.995+0000] {manager.py:470} INFO - Exiting gracefully upon receiving signal 15
[2024-11-17T22:20:45.513+0000] {manager.py:487} INFO - Processing files using up to 2 processes at a time 
[2024-11-17T22:20:45.514+0000] {manager.py:488} INFO - Process each file at most once every 30 seconds
[2024-11-17T22:20:45.514+0000] {manager.py:490} INFO - Checking for new files in /opt/airflow/dags every 300 seconds
[2024-11-17T22:20:45.514+0000] {manager.py:758} INFO - Searching for files in /opt/airflow/dags
[2024-11-17T22:20:45.518+0000] {manager.py:761} INFO - There are 1 files in /opt/airflow/dags
[2024-11-17T22:20:45.732+0000] {manager.py:889} INFO - 
================================================================================
DAG File Processing Stats

File Path                                 PID  Runtime      # DAGs    # Errors  Last Runtime    Last Run
--------------------------------------  -----  ---------  --------  ----------  --------------  ----------
/opt/airflow/dags/data_pipeline_dag.py    159  0.18s             0           0
================================================================================
[2024-11-17T22:21:15.928+0000] {manager.py:889} INFO - 
================================================================================
DAG File Processing Stats

File Path                               PID    Runtime      # DAGs    # Errors  Last Runtime    Last Run
--------------------------------------  -----  ---------  --------  ----------  --------------  -------------------
/opt/airflow/dags/data_pipeline_dag.py                           1           0  0.85s           2024-11-17T22:20:46
================================================================================
[2024-11-17T22:21:46.110+0000] {manager.py:889} INFO - 
================================================================================
DAG File Processing Stats

File Path                               PID    Runtime      # DAGs    # Errors  Last Runtime    Last Run
--------------------------------------  -----  ---------  --------  ----------  --------------  -------------------
/opt/airflow/dags/data_pipeline_dag.py                           1           0  0.30s           2024-11-17T22:21:16
================================================================================
[2024-11-17T22:22:16.435+0000] {manager.py:889} INFO - 
================================================================================
DAG File Processing Stats

File Path                               PID    Runtime      # DAGs    # Errors  Last Runtime    Last Run
--------------------------------------  -----  ---------  --------  ----------  --------------  -------------------
/opt/airflow/dags/data_pipeline_dag.py                           1           0  0.34s           2024-11-17T22:21:47
================================================================================
[2024-11-17T22:22:47.111+0000] {manager.py:889} INFO - 
================================================================================
DAG File Processing Stats

File Path                               PID    Runtime      # DAGs    # Errors  Last Runtime    Last Run
--------------------------------------  -----  ---------  --------  ----------  --------------  -------------------
/opt/airflow/dags/data_pipeline_dag.py                           1           0  0.38s           2024-11-17T22:22:18
================================================================================
[2024-11-17T22:23:17.700+0000] {manager.py:889} INFO - 
================================================================================
DAG File Processing Stats

File Path                               PID    Runtime      # DAGs    # Errors  Last Runtime    Last Run
--------------------------------------  -----  ---------  --------  ----------  --------------  -------------------
/opt/airflow/dags/data_pipeline_dag.py                           1           0  0.40s           2024-11-17T22:22:48
================================================================================
[2024-11-17T22:23:47.733+0000] {manager.py:889} INFO - 
================================================================================
DAG File Processing Stats

File Path                               PID    Runtime      # DAGs    # Errors  Last Runtime    Last Run
--------------------------------------  -----  ---------  --------  ----------  --------------  -------------------
/opt/airflow/dags/data_pipeline_dag.py                           1           0  0.30s           2024-11-17T22:23:19
================================================================================
[2024-11-17T22:24:18.085+0000] {manager.py:889} INFO - 
================================================================================
DAG File Processing Stats

File Path                               PID    Runtime      # DAGs    # Errors  Last Runtime    Last Run
--------------------------------------  -----  ---------  --------  ----------  --------------  -------------------
/opt/airflow/dags/data_pipeline_dag.py                           1           0  0.33s           2024-11-17T22:24:12
================================================================================
[2024-11-17T22:24:48.650+0000] {manager.py:889} INFO - 
================================================================================
DAG File Processing Stats

File Path                               PID    Runtime      # DAGs    # Errors  Last Runtime    Last Run
--------------------------------------  -----  ---------  --------  ----------  --------------  -------------------
/opt/airflow/dags/data_pipeline_dag.py                           1           0  0.30s           2024-11-17T22:24:42
================================================================================
[2024-11-17T22:25:18.913+0000] {manager.py:889} INFO - 
================================================================================
DAG File Processing Stats

File Path                               PID    Runtime      # DAGs    # Errors  Last Runtime    Last Run
--------------------------------------  -----  ---------  --------  ----------  --------------  -------------------
/opt/airflow/dags/data_pipeline_dag.py                           1           0  0.33s           2024-11-17T22:25:13
================================================================================
[2024-11-17T22:25:45.535+0000] {manager.py:758} INFO - Searching for files in /opt/airflow/dags
[2024-11-17T22:25:45.548+0000] {manager.py:761} INFO - There are 1 files in /opt/airflow/dags
[2024-11-17T22:25:49.606+0000] {manager.py:889} INFO - 
================================================================================
DAG File Processing Stats

File Path                               PID    Runtime      # DAGs    # Errors  Last Runtime    Last Run
--------------------------------------  -----  ---------  --------  ----------  --------------  -------------------
/opt/airflow/dags/data_pipeline_dag.py                           1           0  0.27s           2024-11-17T22:25:43
================================================================================
[2024-11-17T22:26:20.087+0000] {manager.py:889} INFO - 
================================================================================
DAG File Processing Stats

File Path                               PID    Runtime      # DAGs    # Errors  Last Runtime    Last Run
--------------------------------------  -----  ---------  --------  ----------  --------------  -------------------
/opt/airflow/dags/data_pipeline_dag.py                           1           0  0.31s           2024-11-17T22:26:14
================================================================================
[2024-11-17T22:26:50.524+0000] {manager.py:889} INFO - 
================================================================================
DAG File Processing Stats

File Path                               PID    Runtime      # DAGs    # Errors  Last Runtime    Last Run
--------------------------------------  -----  ---------  --------  ----------  --------------  -------------------
/opt/airflow/dags/data_pipeline_dag.py                           1           0  0.25s           2024-11-17T22:26:44
================================================================================
[2024-11-17T22:27:20.722+0000] {manager.py:889} INFO - 
================================================================================
DAG File Processing Stats

File Path                               PID    Runtime      # DAGs    # Errors  Last Runtime    Last Run
--------------------------------------  -----  ---------  --------  ----------  --------------  -------------------
/opt/airflow/dags/data_pipeline_dag.py                           1           0  0.27s           2024-11-17T22:27:14
================================================================================
[2024-11-17T22:27:51.178+0000] {manager.py:889} INFO - 
================================================================================
DAG File Processing Stats

File Path                               PID    Runtime      # DAGs    # Errors  Last Runtime    Last Run
--------------------------------------  -----  ---------  --------  ----------  --------------  -------------------
/opt/airflow/dags/data_pipeline_dag.py                           1           0  0.35s           2024-11-17T22:27:45
================================================================================
[2024-11-17T22:28:21.694+0000] {manager.py:889} INFO - 
================================================================================
DAG File Processing Stats

File Path                               PID    Runtime      # DAGs    # Errors  Last Runtime    Last Run
--------------------------------------  -----  ---------  --------  ----------  --------------  -------------------
/opt/airflow/dags/data_pipeline_dag.py                           1           0  0.27s           2024-11-17T22:28:15
================================================================================
[2024-11-17T22:28:52.044+0000] {manager.py:889} INFO - 
================================================================================
DAG File Processing Stats

File Path                               PID    Runtime      # DAGs    # Errors  Last Runtime    Last Run
--------------------------------------  -----  ---------  --------  ----------  --------------  -------------------
/opt/airflow/dags/data_pipeline_dag.py                           1           0  0.24s           2024-11-17T22:28:46
================================================================================
[2024-11-17T22:29:22.602+0000] {manager.py:889} INFO - 
================================================================================
DAG File Processing Stats

File Path                               PID    Runtime      # DAGs    # Errors  Last Runtime    Last Run
--------------------------------------  -----  ---------  --------  ----------  --------------  -------------------
/opt/airflow/dags/data_pipeline_dag.py                           1           0  0.25s           2024-11-17T22:29:16
================================================================================
[2024-11-17T22:29:52.962+0000] {manager.py:889} INFO - 
================================================================================
DAG File Processing Stats

File Path                               PID    Runtime      # DAGs    # Errors  Last Runtime    Last Run
--------------------------------------  -----  ---------  --------  ----------  --------------  -------------------
/opt/airflow/dags/data_pipeline_dag.py                           1           0  0.28s           2024-11-17T22:29:47
================================================================================
[2024-11-17T22:30:23.464+0000] {manager.py:889} INFO - 
================================================================================
DAG File Processing Stats

File Path                               PID    Runtime      # DAGs    # Errors  Last Runtime    Last Run
--------------------------------------  -----  ---------  --------  ----------  --------------  -------------------
/opt/airflow/dags/data_pipeline_dag.py                           1           0  0.34s           2024-11-17T22:30:17
================================================================================
[2024-11-17T22:30:45.668+0000] {manager.py:758} INFO - Searching for files in /opt/airflow/dags
[2024-11-17T22:30:45.672+0000] {manager.py:761} INFO - There are 1 files in /opt/airflow/dags
[2024-11-17T22:30:53.804+0000] {manager.py:889} INFO - 
================================================================================
DAG File Processing Stats

File Path                               PID    Runtime      # DAGs    # Errors  Last Runtime    Last Run
--------------------------------------  -----  ---------  --------  ----------  --------------  -------------------
/opt/airflow/dags/data_pipeline_dag.py                           1           0  0.28s           2024-11-17T22:30:47
================================================================================
[2024-11-17T22:31:24.307+0000] {manager.py:889} INFO - 
================================================================================
DAG File Processing Stats

File Path                               PID    Runtime      # DAGs    # Errors  Last Runtime    Last Run
--------------------------------------  -----  ---------  --------  ----------  --------------  -------------------
/opt/airflow/dags/data_pipeline_dag.py                           1           0  0.25s           2024-11-17T22:31:18
================================================================================
[2024-11-17T22:31:54.823+0000] {manager.py:889} INFO - 
================================================================================
DAG File Processing Stats

File Path                               PID    Runtime      # DAGs    # Errors  Last Runtime    Last Run
--------------------------------------  -----  ---------  --------  ----------  --------------  -------------------
/opt/airflow/dags/data_pipeline_dag.py                           1           0  0.29s           2024-11-17T22:31:48
================================================================================
[2024-11-17T22:32:25.157+0000] {manager.py:889} INFO - 
================================================================================
DAG File Processing Stats

File Path                               PID    Runtime      # DAGs    # Errors  Last Runtime    Last Run
--------------------------------------  -----  ---------  --------  ----------  --------------  -------------------
/opt/airflow/dags/data_pipeline_dag.py                           1           0  0.28s           2024-11-17T22:32:19
================================================================================
[2024-11-17T22:32:55.701+0000] {manager.py:889} INFO - 
================================================================================
DAG File Processing Stats

File Path                               PID    Runtime      # DAGs    # Errors  Last Runtime    Last Run
--------------------------------------  -----  ---------  --------  ----------  --------------  -------------------
/opt/airflow/dags/data_pipeline_dag.py                           1           0  0.25s           2024-11-17T22:32:49
================================================================================
[2024-11-17T22:33:26.193+0000] {manager.py:889} INFO - 
================================================================================
DAG File Processing Stats

File Path                               PID    Runtime      # DAGs    # Errors  Last Runtime    Last Run
--------------------------------------  -----  ---------  --------  ----------  --------------  -------------------
/opt/airflow/dags/data_pipeline_dag.py                           1           0  0.26s           2024-11-17T22:33:20
================================================================================
[2024-11-17T22:33:56.501+0000] {manager.py:889} INFO - 
================================================================================
DAG File Processing Stats

File Path                               PID    Runtime      # DAGs    # Errors  Last Runtime    Last Run
--------------------------------------  -----  ---------  --------  ----------  --------------  -------------------
/opt/airflow/dags/data_pipeline_dag.py                           1           0  0.29s           2024-11-17T22:33:50
================================================================================
[2024-11-17T22:34:27.081+0000] {manager.py:889} INFO - 
================================================================================
DAG File Processing Stats

File Path                               PID    Runtime      # DAGs    # Errors  Last Runtime    Last Run
--------------------------------------  -----  ---------  --------  ----------  --------------  -------------------
/opt/airflow/dags/data_pipeline_dag.py                           1           0  0.26s           2024-11-17T22:34:21
================================================================================
[2024-11-17T22:34:57.618+0000] {manager.py:889} INFO - 
================================================================================
DAG File Processing Stats

File Path                               PID    Runtime      # DAGs    # Errors  Last Runtime    Last Run
--------------------------------------  -----  ---------  --------  ----------  --------------  -------------------
/opt/airflow/dags/data_pipeline_dag.py                           1           0  0.24s           2024-11-17T22:34:51
================================================================================
[2024-11-17T22:35:27.920+0000] {manager.py:889} INFO - 
================================================================================
DAG File Processing Stats

File Path                               PID    Runtime      # DAGs    # Errors  Last Runtime    Last Run
--------------------------------------  -----  ---------  --------  ----------  --------------  -------------------
/opt/airflow/dags/data_pipeline_dag.py                           1           0  0.26s           2024-11-17T22:35:22
================================================================================
[2024-11-17T22:35:46.127+0000] {manager.py:758} INFO - Searching for files in /opt/airflow/dags
[2024-11-17T22:35:46.131+0000] {manager.py:761} INFO - There are 1 files in /opt/airflow/dags
[2024-11-17T22:35:58.443+0000] {manager.py:889} INFO - 
================================================================================
DAG File Processing Stats

File Path                               PID    Runtime      # DAGs    # Errors  Last Runtime    Last Run
--------------------------------------  -----  ---------  --------  ----------  --------------  -------------------
/opt/airflow/dags/data_pipeline_dag.py                           1           0  0.30s           2024-11-17T22:35:52
================================================================================
[2024-11-17T22:36:28.794+0000] {manager.py:889} INFO - 
================================================================================
DAG File Processing Stats

File Path                               PID    Runtime      # DAGs    # Errors  Last Runtime    Last Run
--------------------------------------  -----  ---------  --------  ----------  --------------  -------------------
/opt/airflow/dags/data_pipeline_dag.py                           1           0  0.27s           2024-11-17T22:36:22
================================================================================
[2024-11-17T22:36:59.363+0000] {manager.py:889} INFO - 
================================================================================
DAG File Processing Stats

File Path                               PID    Runtime      # DAGs    # Errors  Last Runtime    Last Run
--------------------------------------  -----  ---------  --------  ----------  --------------  -------------------
/opt/airflow/dags/data_pipeline_dag.py                           1           0  0.51s           2024-11-17T22:36:53
================================================================================
[2024-11-17T22:37:29.907+0000] {manager.py:889} INFO - 
================================================================================
DAG File Processing Stats

File Path                               PID    Runtime      # DAGs    # Errors  Last Runtime    Last Run
--------------------------------------  -----  ---------  --------  ----------  --------------  -------------------
/opt/airflow/dags/data_pipeline_dag.py                           1           0  0.29s           2024-11-17T22:37:23
================================================================================
[2024-11-17T22:38:00.260+0000] {manager.py:889} INFO - 
================================================================================
DAG File Processing Stats

File Path                               PID    Runtime      # DAGs    # Errors  Last Runtime    Last Run
--------------------------------------  -----  ---------  --------  ----------  --------------  -------------------
/opt/airflow/dags/data_pipeline_dag.py                           1           0  0.24s           2024-11-17T22:37:54
================================================================================
[2024-11-17T22:38:30.776+0000] {manager.py:889} INFO - 
================================================================================
DAG File Processing Stats

File Path                               PID    Runtime      # DAGs    # Errors  Last Runtime    Last Run
--------------------------------------  -----  ---------  --------  ----------  --------------  -------------------
/opt/airflow/dags/data_pipeline_dag.py                           1           0  0.25s           2024-11-17T22:38:24
================================================================================
[2024-11-17T22:39:01.120+0000] {manager.py:889} INFO - 
================================================================================
DAG File Processing Stats

File Path                               PID    Runtime      # DAGs    # Errors  Last Runtime    Last Run
--------------------------------------  -----  ---------  --------  ----------  --------------  -------------------
/opt/airflow/dags/data_pipeline_dag.py                           1           0  0.22s           2024-11-17T22:38:55
================================================================================
[2024-11-17T22:39:31.704+0000] {manager.py:889} INFO - 
================================================================================
DAG File Processing Stats

File Path                               PID    Runtime      # DAGs    # Errors  Last Runtime    Last Run
--------------------------------------  -----  ---------  --------  ----------  --------------  -------------------
/opt/airflow/dags/data_pipeline_dag.py                           1           0  0.29s           2024-11-17T22:39:25
================================================================================
[2024-11-17T22:40:02.053+0000] {manager.py:889} INFO - 
================================================================================
DAG File Processing Stats

File Path                               PID    Runtime      # DAGs    # Errors  Last Runtime    Last Run
--------------------------------------  -----  ---------  --------  ----------  --------------  -------------------
/opt/airflow/dags/data_pipeline_dag.py                           1           0  0.24s           2024-11-17T22:39:56
================================================================================
[2024-11-17T22:40:32.592+0000] {manager.py:889} INFO - 
================================================================================
DAG File Processing Stats

File Path                               PID    Runtime      # DAGs    # Errors  Last Runtime    Last Run
--------------------------------------  -----  ---------  --------  ----------  --------------  -------------------
/opt/airflow/dags/data_pipeline_dag.py                           1           0  0.27s           2024-11-17T22:40:26
================================================================================
[2024-11-17T22:40:46.760+0000] {manager.py:758} INFO - Searching for files in /opt/airflow/dags
[2024-11-17T22:40:46.772+0000] {manager.py:761} INFO - There are 1 files in /opt/airflow/dags
[2024-11-17T22:41:03.002+0000] {manager.py:889} INFO - 
================================================================================
DAG File Processing Stats

File Path                               PID    Runtime      # DAGs    # Errors  Last Runtime    Last Run
--------------------------------------  -----  ---------  --------  ----------  --------------  -------------------
/opt/airflow/dags/data_pipeline_dag.py                           1           0  0.29s           2024-11-17T22:40:57
================================================================================
[2024-11-17T22:41:33.542+0000] {manager.py:889} INFO - 
================================================================================
DAG File Processing Stats

File Path                               PID    Runtime      # DAGs    # Errors  Last Runtime    Last Run
--------------------------------------  -----  ---------  --------  ----------  --------------  -------------------
/opt/airflow/dags/data_pipeline_dag.py                           1           0  0.27s           2024-11-17T22:41:27
================================================================================
[2024-11-17T22:42:03.851+0000] {manager.py:889} INFO - 
================================================================================
DAG File Processing Stats

File Path                               PID    Runtime      # DAGs    # Errors  Last Runtime    Last Run
--------------------------------------  -----  ---------  --------  ----------  --------------  -------------------
/opt/airflow/dags/data_pipeline_dag.py                           1           0  0.24s           2024-11-17T22:41:58
================================================================================
[2024-11-17T22:42:34.130+0000] {manager.py:889} INFO - 
================================================================================
DAG File Processing Stats

File Path                               PID    Runtime      # DAGs    # Errors  Last Runtime    Last Run
--------------------------------------  -----  ---------  --------  ----------  --------------  -------------------
/opt/airflow/dags/data_pipeline_dag.py                           1           0  0.26s           2024-11-17T22:42:28
================================================================================
[2024-11-17T22:43:04.419+0000] {manager.py:889} INFO - 
================================================================================
DAG File Processing Stats

File Path                               PID    Runtime      # DAGs    # Errors  Last Runtime    Last Run
--------------------------------------  -----  ---------  --------  ----------  --------------  -------------------
/opt/airflow/dags/data_pipeline_dag.py                           1           0  0.24s           2024-11-17T22:42:58
================================================================================
[2024-11-17T22:43:34.967+0000] {manager.py:889} INFO - 
================================================================================
DAG File Processing Stats

File Path                               PID    Runtime      # DAGs    # Errors  Last Runtime    Last Run
--------------------------------------  -----  ---------  --------  ----------  --------------  -------------------
/opt/airflow/dags/data_pipeline_dag.py                           1           0  0.24s           2024-11-17T22:43:28
================================================================================
[2024-11-17T22:44:05.329+0000] {manager.py:889} INFO - 
================================================================================
DAG File Processing Stats

File Path                               PID    Runtime      # DAGs    # Errors  Last Runtime    Last Run
--------------------------------------  -----  ---------  --------  ----------  --------------  -------------------
/opt/airflow/dags/data_pipeline_dag.py                           1           0  0.23s           2024-11-17T22:43:59
================================================================================
[2024-11-17T22:44:35.876+0000] {manager.py:889} INFO - 
================================================================================
DAG File Processing Stats

File Path                               PID    Runtime      # DAGs    # Errors  Last Runtime    Last Run
--------------------------------------  -----  ---------  --------  ----------  --------------  -------------------
/opt/airflow/dags/data_pipeline_dag.py                           1           0  0.27s           2024-11-17T22:44:29
================================================================================
[2024-11-17T22:45:06.249+0000] {manager.py:889} INFO - 
================================================================================
DAG File Processing Stats

File Path                               PID    Runtime      # DAGs    # Errors  Last Runtime    Last Run
--------------------------------------  -----  ---------  --------  ----------  --------------  -------------------
/opt/airflow/dags/data_pipeline_dag.py                           1           0  0.24s           2024-11-17T22:45:00
================================================================================
[2024-11-17T22:45:36.755+0000] {manager.py:889} INFO - 
================================================================================
DAG File Processing Stats

File Path                               PID    Runtime      # DAGs    # Errors  Last Runtime    Last Run
--------------------------------------  -----  ---------  --------  ----------  --------------  -------------------
/opt/airflow/dags/data_pipeline_dag.py                           1           0  0.25s           2024-11-17T22:45:30
================================================================================
[2024-11-17T22:45:46.839+0000] {manager.py:758} INFO - Searching for files in /opt/airflow/dags
[2024-11-17T22:45:46.850+0000] {manager.py:761} INFO - There are 1 files in /opt/airflow/dags
[2024-11-17T22:46:07.109+0000] {manager.py:889} INFO - 
================================================================================
DAG File Processing Stats

File Path                               PID    Runtime      # DAGs    # Errors  Last Runtime    Last Run
--------------------------------------  -----  ---------  --------  ----------  --------------  -------------------
/opt/airflow/dags/data_pipeline_dag.py                           1           0  0.29s           2024-11-17T22:46:01
================================================================================
[2024-11-17T22:46:37.682+0000] {manager.py:889} INFO - 
================================================================================
DAG File Processing Stats

File Path                               PID    Runtime      # DAGs    # Errors  Last Runtime    Last Run
--------------------------------------  -----  ---------  --------  ----------  --------------  -------------------
/opt/airflow/dags/data_pipeline_dag.py                           1           0  0.30s           2024-11-17T22:46:31
================================================================================
[2024-11-17T22:47:08.043+0000] {manager.py:889} INFO - 
================================================================================
DAG File Processing Stats

File Path                               PID    Runtime      # DAGs    # Errors  Last Runtime    Last Run
--------------------------------------  -----  ---------  --------  ----------  --------------  -------------------
/opt/airflow/dags/data_pipeline_dag.py                           1           0  0.27s           2024-11-17T22:47:02
================================================================================
[2024-11-17T22:47:38.394+0000] {manager.py:889} INFO - 
================================================================================
DAG File Processing Stats

File Path                               PID    Runtime      # DAGs    # Errors  Last Runtime    Last Run
--------------------------------------  -----  ---------  --------  ----------  --------------  -------------------
/opt/airflow/dags/data_pipeline_dag.py                           1           0  0.26s           2024-11-17T22:47:32
================================================================================
[2024-11-17T22:48:08.988+0000] {manager.py:889} INFO - 
================================================================================
DAG File Processing Stats

File Path                               PID    Runtime      # DAGs    # Errors  Last Runtime    Last Run
--------------------------------------  -----  ---------  --------  ----------  --------------  -------------------
/opt/airflow/dags/data_pipeline_dag.py                           1           0  0.27s           2024-11-17T22:48:02
================================================================================
[2024-11-17T22:48:39.368+0000] {manager.py:889} INFO - 
================================================================================
DAG File Processing Stats

File Path                               PID    Runtime      # DAGs    # Errors  Last Runtime    Last Run
--------------------------------------  -----  ---------  --------  ----------  --------------  -------------------
/opt/airflow/dags/data_pipeline_dag.py                           1           0  0.27s           2024-11-17T22:48:33
================================================================================
[2024-11-17T22:49:09.861+0000] {manager.py:889} INFO - 
================================================================================
DAG File Processing Stats

File Path                               PID    Runtime      # DAGs    # Errors  Last Runtime    Last Run
--------------------------------------  -----  ---------  --------  ----------  --------------  -------------------
/opt/airflow/dags/data_pipeline_dag.py                           1           0  0.25s           2024-11-17T22:49:03
================================================================================
[2024-11-17T22:49:40.281+0000] {manager.py:889} INFO - 
================================================================================
DAG File Processing Stats

File Path                               PID    Runtime      # DAGs    # Errors  Last Runtime    Last Run
--------------------------------------  -----  ---------  --------  ----------  --------------  -------------------
/opt/airflow/dags/data_pipeline_dag.py                           1           0  0.38s           2024-11-17T22:49:34
================================================================================
[2024-11-17T22:50:10.846+0000] {manager.py:889} INFO - 
================================================================================
DAG File Processing Stats

File Path                               PID    Runtime      # DAGs    # Errors  Last Runtime    Last Run
--------------------------------------  -----  ---------  --------  ----------  --------------  -------------------
/opt/airflow/dags/data_pipeline_dag.py                           1           0  0.31s           2024-11-17T22:50:04
================================================================================
